#
# A fatal error has been detected by the Java Runtime Environment:
#
#  SIGSEGV (0xb) at pc=0x0000000000000000, pid=4107, tid=4110
#
# JRE version: OpenJDK Runtime Environment (11.0.6+10) (build 11.0.6+10-post-Ubuntu-1ubuntu118.04.1)
# Java VM: OpenJDK 64-Bit Server VM (11.0.6+10-post-Ubuntu-1ubuntu118.04.1, mixed mode, sharing, tiered, compressed oops, g1 gc, linux-amd64)
# Problematic frame:
# C  0x0000000000000000
#
# Core dump will be written. Default location: Core dumps may be processed with "/usr/share/apport/apport %p %s %c %d %P %E" (or dumping to /home/sim/JEE-eclipse-workspace/JEE_Devoir/core.4107)
#
# If you would like to submit a bug report, please visit:
#   https://bugs.launchpad.net/ubuntu/+source/openjdk-lts
#

---------------  S U M M A R Y ------------

Command Line: -Dfile.encoding=UTF-8 boobook.Starter

Host: Intel(R) Core(TM) i7-7500U CPU @ 2.70GHz, 4 cores, 15G, Ubuntu 18.04.4 LTS
Time: Thu Apr 16 15:57:52 2020 CEST elapsed time: 154 seconds (0d 0h 2m 34s)

---------------  T H R E A D  ---------------

Current thread (0x00007f0f6c030000):  GCTaskThread "GC Thread#0" [stack: 0x00007f0f71640000,0x00007f0f71740000] [id=4110]

Stack: [0x00007f0f71640000,0x00007f0f71740000],  sp=0x00007f0f7173e978,  free space=1018k

siginfo: si_signo: 11 (SIGSEGV), si_code: 1 (SEGV_MAPERR), si_addr: 0x0000000000000000

Register to memory mapping:

RAX=0x000000080035fb80 is pointing into metadata
RBX=
[error occurred during error reporting (printing register info), id 0xb, SIGSEGV (0xb) at pc=0x0000000000000000]

Registers:
RAX=0x000000080035fb80, RBX=0x000000070d4fcc98, RCX=0x0000000000000003, RDX=0x00007f0f7489c690
RSP=0x00007f0f7173e978, RBP=0x00007f0f7173ea00, RSI=0x000000070d4fcc98, RDI=0x000000080035fbc0
R8 =0x0000000000000000, R9 =0x0000000000000003, R10=0x000000070be7439d, R11=0x0000000000000003
R12=0x00007f0f5000b4a0, R13=0x0000000000000000, R14=0x00007f0f5000b4a0, R15=0x000000070be7439c
RIP=0x0000000000000000, EFLAGS=0x0000000000010246, CSGSFS=0x002b000000000033, ERR=0x0000000000000014
  TRAPNO=0x000000000000000e

Top of Stack: (sp=0x00007f0f7173e978)
0x00007f0f7173e978:   00007f0f73c56ea2 00007f0f7173e9e0
0x00007f0f7173e988:   00007f0f7507cea6 0000000000000002
0x00007f0f7173e998:   00007f0f00000002 0000000000000006
0x00007f0f7173e9a8:   00000001740ad99f 0000000000000015 

Instructions: (pc=0x0000000000000000)
0xffffffffffffff00:   


Stack slot to memory mapping:
stack at sp + 0 slots: 0x00007f0f73c56ea2: <offset 0x000000000076fea2> in /usr/lib/jvm/java-11-openjdk-amd64/lib/server/libjvm.so at 0x00007f0f734e7000
stack at sp + 1 slots: 0x00007f0f7173e9e0 points into unknown readable memory: a0 b4 00 50 0f 7f 00 00
stack at sp + 2 slots: 0x00007f0f7507cea6: __clock_gettime+0x0000000000000026 in /lib/x86_64-linux-gnu/libc.so.6 at 0x00007f0f74f4c000
stack at sp + 3 slots: 0x0000000000000002 is an unknown value
stack at sp + 4 slots: 0x00007f0f00000002 points into unknown readable memory: 00 00 0f 7f 00 00
stack at sp + 5 slots: 0x0000000000000006 is an unknown value
stack at sp + 6 slots: 0x00000001740ad99f is an unknown value
stack at sp + 7 slots: 0x0000000000000015 is an unknown value


---------------  P R O C E S S  ---------------

Threads class SMR info:
_java_thread_list=0x00007f0ef0059ba0, length=17, elements={
0x00007f0f6c1bc000, 0x00007f0f6c1be000, 0x00007f0f6c1cb800, 0x00007f0f6c1ce000,
0x00007f0f6c1d0000, 0x00007f0f6c1d2000, 0x00007f0f6c201000, 0x00007f0f6c205800,
0x00007f0eed051800, 0x00007f0f6c017000, 0x00007f0ee0006000, 0x00007f0f1843c000,
0x00007f0f041f3800, 0x00007f0ef0374000, 0x00007f0ef0375000, 0x00007f0ef0407800,
0x00007f0ef0416000
}

Java Threads: ( => current thread )
  0x00007f0f6c1bc000 JavaThread "Reference Handler" daemon [_thread_blocked, id=4116, stack(0x00007f0f4147a000,0x00007f0f4157b000)]
  0x00007f0f6c1be000 JavaThread "Finalizer" daemon [_thread_blocked, id=4117, stack(0x00007f0f41379000,0x00007f0f4147a000)]
  0x00007f0f6c1cb800 JavaThread "Signal Dispatcher" daemon [_thread_blocked, id=4119, stack(0x00007f0f408a9000,0x00007f0f409aa000)]
  0x00007f0f6c1ce000 JavaThread "C2 CompilerThread0" daemon [_thread_blocked, id=4121, stack(0x00007f0f407a8000,0x00007f0f408a9000)]
  0x00007f0f6c1d0000 JavaThread "C1 CompilerThread0" daemon [_thread_blocked, id=4122, stack(0x00007f0f406a7000,0x00007f0f407a8000)]
  0x00007f0f6c1d2000 JavaThread "Sweeper thread" daemon [_thread_blocked, id=4125, stack(0x00007f0f405a6000,0x00007f0f406a7000)]
  0x00007f0f6c201000 JavaThread "Service Thread" daemon [_thread_blocked, id=4126, stack(0x00007f0f404a5000,0x00007f0f405a6000)]
  0x00007f0f6c205800 JavaThread "Common-Cleaner" daemon [_thread_blocked, id=4128, stack(0x00007f0f402a2000,0x00007f0f403a3000)]
  0x00007f0eed051800 JavaThread "Live Reload Server" daemon [_thread_in_native, id=4148, stack(0x00007f0f0c4cd000,0x00007f0f0c5ce000)]
  0x00007f0f6c017000 JavaThread "DestroyJavaVM" [_thread_blocked, id=4109, stack(0x00007f0f75659000,0x00007f0f7575a000)]
  0x00007f0ee0006000 JavaThread "Thread-4" [_thread_blocked, id=4243, stack(0x00007f0f0fce8000,0x00007f0f0fde9000)]
  0x00007f0f1843c000 JavaThread "C2 CompilerThread1" daemon [_thread_blocked, id=4244, stack(0x00007f0f0c5ce000,0x00007f0f0c6cf000)]
  0x00007f0f041f3800 JavaThread "restartedMain" [_thread_blocked, id=4246, stack(0x00007f0edb1f2000,0x00007f0edb2f3000)]
  0x00007f0ef0374000 JavaThread "Catalina-utility-1" [_thread_blocked, id=4248, stack(0x00007f0f0e9d3000,0x00007f0f0ead4000)]
  0x00007f0ef0375000 JavaThread "Catalina-utility-2" [_thread_blocked, id=4249, stack(0x00007f0f0f2d4000,0x00007f0f0f3d5000)]
  0x00007f0ef0407800 JavaThread "container-0" [_thread_blocked, id=4250, stack(0x00007f0f0dad2000,0x00007f0f0dbd3000)]
  0x00007f0ef0416000 JavaThread "File Watcher" daemon [_thread_blocked, id=4251, stack(0x00007f0edbeff000,0x00007f0edc000000)]

Other Threads:
  0x00007f0f6c1b9000 VMThread "VM Thread" [stack: 0x00007f0f4157d000,0x00007f0f4167d000] [id=4115]
  0x00007f0f6c203800 WatcherThread [stack: 0x00007f0f403a5000,0x00007f0f404a5000] [id=4127]
=>0x00007f0f6c030000 GCTaskThread "GC Thread#0" [stack: 0x00007f0f71640000,0x00007f0f71740000] [id=4110]
  0x00007f0f34001000 GCTaskThread "GC Thread#1" [stack: 0x00007f0f0fbe8000,0x00007f0f0fce8000] [id=4131]
  0x00007f0f34002800 GCTaskThread "GC Thread#2" [stack: 0x00007f0f0fae6000,0x00007f0f0fbe6000] [id=4132]
  0x00007f0f34004000 GCTaskThread "GC Thread#3" [stack: 0x00007f0f0f9e4000,0x00007f0f0fae4000] [id=4133]
  0x00007f0f6c08d000 ConcurrentGCThread "G1 Main Marker" [stack: 0x00007f0f701c2000,0x00007f0f702c2000] [id=4111]
  0x00007f0f6c08f000 ConcurrentGCThread "G1 Conc#0" [stack: 0x00007f0f700c0000,0x00007f0f701c0000] [id=4112]
  0x00007f0f6c17c000 ConcurrentGCThread "G1 Refine#0" [stack: 0x00007f0f4803d000,0x00007f0f4813d000] [id=4113]
  0x00007f0f6c17e000 ConcurrentGCThread "G1 Young RemSet Sampling" [stack: 0x00007f0f41f00000,0x00007f0f42000000] [id=4114]

Threads with active compile tasks:

VM state:at safepoint (normal execution)

VM Mutex/Monitor currently owned by a thread:  ([mutex/lock_event])
[0x00007f0f6c013380] Threads_lock - owner thread: 0x00007f0f6c1b9000
[0x00007f0f6c013ad0] Heap_lock - owner thread: 0x00007f0f041f3800

Heap address: 0x0000000708800000, size: 3960 MB, Compressed Oops mode: Zero based, Oop shift amount: 3
Narrow klass base: 0x0000000800000000, Narrow klass shift: 3
Compressed class space size: 1073741824 Address: 0x0000000840000000

Heap:
 garbage-first heap   total 142336K, used 116180K [0x0000000708800000, 0x0000000800000000)
  region size 1024K, 62 young (63488K), 6 survivors (6144K)
 Metaspace       used 74102K, capacity 75533K, committed 76296K, reserved 1116160K
  class space    used 8717K, capacity 9284K, committed 9392K, reserved 1048576K
Heap Regions: E=young(eden), S=young(survivor), O=old, HS=humongous(starts), HC=humongous(continues), CS=collection set, F=free, A=archive, TAMS=top-at-mark-start (previous, next)
|   0|0x0000000708800000, 0x0000000708900000, 0x0000000708900000|100%|HS|  |TAMS 0x0000000708800000, 0x0000000708800000| Untracked 
|   1|0x0000000708900000, 0x00000007089ffa38, 0x0000000708a00000| 99%| O|  |TAMS 0x0000000708900000, 0x0000000708900000| Untracked 
|   2|0x0000000708a00000, 0x0000000708b00000, 0x0000000708b00000|100%| O|  |TAMS 0x0000000708a00000, 0x0000000708a00000| Untracked 
|   3|0x0000000708b00000, 0x0000000708bfffa8, 0x0000000708c00000| 99%| O|  |TAMS 0x0000000708b00000, 0x0000000708b00000| Untracked 
|   4|0x0000000708c00000, 0x0000000708cfd490, 0x0000000708d00000| 98%| O|  |TAMS 0x0000000708c00000, 0x0000000708c00000| Untracked 
|   5|0x0000000708d00000, 0x0000000708dffff8, 0x0000000708e00000| 99%| O|  |TAMS 0x0000000708d00000, 0x0000000708d00000| Untracked 
|   6|0x0000000708e00000, 0x0000000708efffe8, 0x0000000708f00000| 99%| O|  |TAMS 0x0000000708e00000, 0x0000000708e00000| Untracked 
|   7|0x0000000708f00000, 0x0000000708ffffd8, 0x0000000709000000| 99%| O|  |TAMS 0x0000000708f00000, 0x0000000708f00000| Untracked 
|   8|0x0000000709000000, 0x00000007090fffc8, 0x0000000709100000| 99%| O|  |TAMS 0x0000000709000000, 0x0000000709000000| Untracked 
|   9|0x0000000709100000, 0x00000007091fff20, 0x0000000709200000| 99%| O|  |TAMS 0x0000000709100000, 0x0000000709100000| Untracked 
|  10|0x0000000709200000, 0x00000007092fff38, 0x0000000709300000| 99%| O|  |TAMS 0x0000000709200000, 0x0000000709200000| Untracked 
|  11|0x0000000709300000, 0x00000007093ffc38, 0x0000000709400000| 99%| O|  |TAMS 0x0000000709300000, 0x0000000709300000| Untracked 
|  12|0x0000000709400000, 0x00000007094c6800, 0x0000000709500000| 77%| O|  |TAMS 0x0000000709400000, 0x0000000709400000| Untracked 
|  13|0x0000000709500000, 0x00000007095fffe0, 0x0000000709600000| 99%| O|  |TAMS 0x0000000709500000, 0x0000000709500000| Untracked 
|  14|0x0000000709600000, 0x00000007096ffff0, 0x0000000709700000| 99%| O|  |TAMS 0x0000000709600000, 0x0000000709600000| Untracked 
|  15|0x0000000709700000, 0x00000007097fe8f8, 0x0000000709800000| 99%| O|  |TAMS 0x0000000709700000, 0x0000000709700000| Untracked 
|  16|0x0000000709800000, 0x00000007098ffff0, 0x0000000709900000| 99%| O|  |TAMS 0x0000000709800000, 0x0000000709800000| Untracked 
|  17|0x0000000709900000, 0x00000007099ffff0, 0x0000000709a00000| 99%| O|  |TAMS 0x0000000709900000, 0x0000000709900000| Untracked 
|  18|0x0000000709a00000, 0x0000000709afffc8, 0x0000000709b00000| 99%| O|  |TAMS 0x0000000709a00000, 0x0000000709a00000| Untracked 
|  19|0x0000000709b00000, 0x0000000709bfcfd8, 0x0000000709c00000| 98%| O|  |TAMS 0x0000000709b00000, 0x0000000709b00000| Untracked 
|  20|0x0000000709c00000, 0x0000000709cffff8, 0x0000000709d00000| 99%| O|  |TAMS 0x0000000709c00000, 0x0000000709c00000| Untracked 
|  21|0x0000000709d00000, 0x0000000709dfffd8, 0x0000000709e00000| 99%| O|  |TAMS 0x0000000709d00000, 0x0000000709d00000| Untracked 
|  22|0x0000000709e00000, 0x0000000709f00000, 0x0000000709f00000|100%| O|  |TAMS 0x0000000709e00000, 0x0000000709e00000| Untracked 
|  23|0x0000000709f00000, 0x0000000709ffffb8, 0x000000070a000000| 99%| O|  |TAMS 0x0000000709f00000, 0x0000000709f00000| Untracked 
|  24|0x000000070a000000, 0x000000070a0fff90, 0x000000070a100000| 99%| O|  |TAMS 0x000000070a000000, 0x000000070a000000| Untracked 
|  25|0x000000070a100000, 0x000000070a19d1f8, 0x000000070a200000| 61%| O|  |TAMS 0x000000070a100000, 0x000000070a100000| Untracked 
|  26|0x000000070a200000, 0x000000070a2fffe0, 0x000000070a300000| 99%| O|  |TAMS 0x000000070a200000, 0x000000070a200000| Untracked 
|  27|0x000000070a300000, 0x000000070a3ffff0, 0x000000070a400000| 99%| O|  |TAMS 0x000000070a300000, 0x000000070a300000| Untracked 
|  28|0x000000070a400000, 0x000000070a500000, 0x000000070a500000|100%| O|  |TAMS 0x000000070a400000, 0x000000070a400000| Untracked 
|  29|0x000000070a500000, 0x000000070a5ffff8, 0x000000070a600000| 99%| O|  |TAMS 0x000000070a500000, 0x000000070a500000| Untracked 
|  30|0x000000070a600000, 0x000000070a61cdc0, 0x000000070a700000| 11%| O|  |TAMS 0x000000070a600000, 0x000000070a600000| Untracked 
|  31|0x000000070a700000, 0x000000070a800000, 0x000000070a800000|100%| O|  |TAMS 0x000000070a700000, 0x000000070a700000| Untracked 
|  32|0x000000070a800000, 0x000000070a900000, 0x000000070a900000|100%| O|  |TAMS 0x000000070a800000, 0x000000070a800000| Untracked 
|  33|0x000000070a900000, 0x000000070aa00000, 0x000000070aa00000|100%| O|  |TAMS 0x000000070a900000, 0x000000070a900000| Untracked 
|  34|0x000000070aa00000, 0x000000070ab00000, 0x000000070ab00000|100%| O|  |TAMS 0x000000070aa00000, 0x000000070aa00000| Untracked 
|  35|0x000000070ab00000, 0x000000070ac00000, 0x000000070ac00000|100%| O|  |TAMS 0x000000070ab00000, 0x000000070ab00000| Untracked 
|  36|0x000000070ac00000, 0x000000070ad00000, 0x000000070ad00000|100%| O|  |TAMS 0x000000070ac00000, 0x000000070ac00000| Untracked 
|  37|0x000000070ad00000, 0x000000070ad01f68, 0x000000070ae00000|  0%| O|  |TAMS 0x000000070ad00000, 0x000000070ad00000| Untracked 
|  38|0x000000070ae00000, 0x000000070af00000, 0x000000070af00000|100%| O|  |TAMS 0x000000070ae00000, 0x000000070ae00000| Untracked 
|  39|0x000000070af00000, 0x000000070b000000, 0x000000070b000000|100%| O|  |TAMS 0x000000070af00000, 0x000000070af00000| Untracked 
|  40|0x000000070b000000, 0x000000070b100000, 0x000000070b100000|100%| O|  |TAMS 0x000000070b000000, 0x000000070b000000| Untracked 
|  41|0x000000070b100000, 0x000000070b200000, 0x000000070b200000|100%| O|  |TAMS 0x000000070b100000, 0x000000070b100000| Untracked 
|  42|0x000000070b200000, 0x000000070b300000, 0x000000070b300000|100%| O|  |TAMS 0x000000070b200000, 0x000000070b200000| Untracked 
|  43|0x000000070b300000, 0x000000070b400000, 0x000000070b400000|100%|HS|  |TAMS 0x000000070b300000, 0x000000070b300000| Complete 
|  44|0x000000070b400000, 0x000000070b500000, 0x000000070b500000|100%| O|  |TAMS 0x000000070b400000, 0x000000070b400000| Untracked 
|  45|0x000000070b500000, 0x000000070b600000, 0x000000070b600000|100%| O|  |TAMS 0x000000070b500000, 0x000000070b500000| Untracked 
|  46|0x000000070b600000, 0x000000070b700000, 0x000000070b700000|100%| O|  |TAMS 0x000000070b600000, 0x000000070b600000| Untracked 
|  47|0x000000070b700000, 0x000000070b800000, 0x000000070b800000|100%| O|  |TAMS 0x000000070b700000, 0x000000070b700000| Untracked 
|  48|0x000000070b800000, 0x000000070b900000, 0x000000070b900000|100%| O|  |TAMS 0x000000070b800000, 0x000000070b800000| Untracked 
|  49|0x000000070b900000, 0x000000070ba00000, 0x000000070ba00000|100%| O|  |TAMS 0x000000070b900000, 0x000000070b900000| Untracked 
|  50|0x000000070ba00000, 0x000000070bb00000, 0x000000070bb00000|100%| O|  |TAMS 0x000000070ba00000, 0x000000070ba00000| Untracked 
|  51|0x000000070bb00000, 0x000000070bc00000, 0x000000070bc00000|100%| O|  |TAMS 0x000000070bb00000, 0x000000070bb00000| Untracked 
|  52|0x000000070bc00000, 0x000000070bd00000, 0x000000070bd00000|100%| O|  |TAMS 0x000000070bc00000, 0x000000070bc00000| Untracked 
|  53|0x000000070bd00000, 0x000000070be00000, 0x000000070be00000|100%| O|  |TAMS 0x000000070bd00000, 0x000000070bd00000| Untracked 
|  54|0x000000070be00000, 0x000000070bf00000, 0x000000070bf00000|100%| O|  |TAMS 0x000000070be00000, 0x000000070be00000| Untracked 
|  55|0x000000070bf00000, 0x000000070c000000, 0x000000070c000000|100%| O|  |TAMS 0x000000070bf00000, 0x000000070bf00000| Untracked 
|  56|0x000000070c000000, 0x000000070c0aa630, 0x000000070c100000| 66%| O|  |TAMS 0x000000070c000000, 0x000000070c000000| Untracked 
|  57|0x000000070c100000, 0x000000070c100000, 0x000000070c200000|  0%| F|  |TAMS 0x000000070c100000, 0x000000070c100000| Untracked 
|  58|0x000000070c200000, 0x000000070c200000, 0x000000070c300000|  0%| F|  |TAMS 0x000000070c200000, 0x000000070c200000| Untracked 
|  59|0x000000070c300000, 0x000000070c300000, 0x000000070c400000|  0%| F|  |TAMS 0x000000070c300000, 0x000000070c300000| Untracked 
|  60|0x000000070c400000, 0x000000070c400000, 0x000000070c500000|  0%| F|  |TAMS 0x000000070c400000, 0x000000070c400000| Untracked 
|  61|0x000000070c500000, 0x000000070c500000, 0x000000070c600000|  0%| F|  |TAMS 0x000000070c500000, 0x000000070c500000| Untracked 
|  62|0x000000070c600000, 0x000000070c600000, 0x000000070c700000|  0%| F|  |TAMS 0x000000070c600000, 0x000000070c600000| Untracked 
|  63|0x000000070c700000, 0x000000070c700000, 0x000000070c800000|  0%| F|  |TAMS 0x000000070c700000, 0x000000070c700000| Untracked 
|  64|0x000000070c800000, 0x000000070c800000, 0x000000070c900000|  0%| F|  |TAMS 0x000000070c800000, 0x000000070c800000| Untracked 
|  65|0x000000070c900000, 0x000000070c900000, 0x000000070ca00000|  0%| F|  |TAMS 0x000000070c900000, 0x000000070c900000| Untracked 
|  66|0x000000070ca00000, 0x000000070cb00000, 0x000000070cb00000|100%| E|CS|TAMS 0x000000070ca00000, 0x000000070ca00000| Complete 
|  67|0x000000070cb00000, 0x000000070cc00000, 0x000000070cc00000|100%| E|CS|TAMS 0x000000070cb00000, 0x000000070cb00000| Complete 
|  68|0x000000070cc00000, 0x000000070cc00000, 0x000000070cd00000|  0%| F|  |TAMS 0x000000070cc00000, 0x000000070cc00000| Untracked 
|  69|0x000000070cd00000, 0x000000070cd00000, 0x000000070ce00000|  0%| F|  |TAMS 0x000000070cd00000, 0x000000070cd00000| Untracked 
|  70|0x000000070ce00000, 0x000000070cf00000, 0x000000070cf00000|100%| E|CS|TAMS 0x000000070ce00000, 0x000000070ce00000| Complete 
|  71|0x000000070cf00000, 0x000000070d000000, 0x000000070d000000|100%| E|CS|TAMS 0x000000070cf00000, 0x000000070cf00000| Complete 
|  72|0x000000070d000000, 0x000000070d000000, 0x000000070d100000|  0%| F|  |TAMS 0x000000070d000000, 0x000000070d000000| Untracked 
|  73|0x000000070d100000, 0x000000070d1c3d10, 0x000000070d200000| 76%| S|  |TAMS 0x000000070d100000, 0x000000070d100000| Complete 
|  74|0x000000070d200000, 0x000000070d300000, 0x000000070d300000|100%| S|  |TAMS 0x000000070d200000, 0x000000070d200000| Complete 
|  75|0x000000070d300000, 0x000000070d400000, 0x000000070d400000|100%| S|  |TAMS 0x000000070d300000, 0x000000070d300000| Complete 
|  76|0x000000070d400000, 0x000000070d500000, 0x000000070d500000|100%| E|CS|TAMS 0x000000070d400000, 0x000000070d400000| Complete 
|  77|0x000000070d500000, 0x000000070d600000, 0x000000070d600000|100%| E|CS|TAMS 0x000000070d500000, 0x000000070d500000| Complete 
|  78|0x000000070d600000, 0x000000070d700000, 0x000000070d700000|100%| S|  |TAMS 0x000000070d600000, 0x000000070d600000| Complete 
|  79|0x000000070d700000, 0x000000070d800000, 0x000000070d800000|100%| S|  |TAMS 0x000000070d700000, 0x000000070d700000| Complete 
|  80|0x000000070d800000, 0x000000070d900000, 0x000000070d900000|100%| S|  |TAMS 0x000000070d800000, 0x000000070d800000| Complete 
|  81|0x000000070d900000, 0x000000070da00000, 0x000000070da00000|100%| E|CS|TAMS 0x000000070d900000, 0x000000070d900000| Complete 
|  82|0x000000070da00000, 0x000000070db00000, 0x000000070db00000|100%| E|CS|TAMS 0x000000070da00000, 0x000000070da00000| Complete 
|  83|0x000000070db00000, 0x000000070dc00000, 0x000000070dc00000|100%| E|CS|TAMS 0x000000070db00000, 0x000000070db00000| Complete 
|  84|0x000000070dc00000, 0x000000070dd00000, 0x000000070dd00000|100%| E|CS|TAMS 0x000000070dc00000, 0x000000070dc00000| Complete 
|  85|0x000000070dd00000, 0x000000070de00000, 0x000000070de00000|100%| E|CS|TAMS 0x000000070dd00000, 0x000000070dd00000| Complete 
|  86|0x000000070de00000, 0x000000070df00000, 0x000000070df00000|100%| E|CS|TAMS 0x000000070de00000, 0x000000070de00000| Complete 
|  87|0x000000070df00000, 0x000000070e000000, 0x000000070e000000|100%| E|CS|TAMS 0x000000070df00000, 0x000000070df00000| Complete 
|  88|0x000000070e000000, 0x000000070e100000, 0x000000070e100000|100%| E|CS|TAMS 0x000000070e000000, 0x000000070e000000| Complete 
|  89|0x000000070e100000, 0x000000070e200000, 0x000000070e200000|100%| E|CS|TAMS 0x000000070e100000, 0x000000070e100000| Complete 
|  90|0x000000070e200000, 0x000000070e300000, 0x000000070e300000|100%| E|CS|TAMS 0x000000070e200000, 0x000000070e200000| Complete 
|  91|0x000000070e300000, 0x000000070e400000, 0x000000070e400000|100%| E|CS|TAMS 0x000000070e300000, 0x000000070e300000| Complete 
|  92|0x000000070e400000, 0x000000070e500000, 0x000000070e500000|100%| E|CS|TAMS 0x000000070e400000, 0x000000070e400000| Complete 
|  93|0x000000070e500000, 0x000000070e600000, 0x000000070e600000|100%| E|CS|TAMS 0x000000070e500000, 0x000000070e500000| Complete 
|  94|0x000000070e600000, 0x000000070e700000, 0x000000070e700000|100%| E|CS|TAMS 0x000000070e600000, 0x000000070e600000| Complete 
|  95|0x000000070e700000, 0x000000070e800000, 0x000000070e800000|100%| E|CS|TAMS 0x000000070e700000, 0x000000070e700000| Complete 
|  96|0x000000070e800000, 0x000000070e900000, 0x000000070e900000|100%| E|CS|TAMS 0x000000070e800000, 0x000000070e800000| Complete 
|  97|0x000000070e900000, 0x000000070ea00000, 0x000000070ea00000|100%| E|CS|TAMS 0x000000070e900000, 0x000000070e900000| Complete 
|  98|0x000000070ea00000, 0x000000070eb00000, 0x000000070eb00000|100%| E|CS|TAMS 0x000000070ea00000, 0x000000070ea00000| Complete 
|  99|0x000000070eb00000, 0x000000070ec00000, 0x000000070ec00000|100%| E|CS|TAMS 0x000000070eb00000, 0x000000070eb00000| Complete 
| 100|0x000000070ec00000, 0x000000070ed00000, 0x000000070ed00000|100%| E|CS|TAMS 0x000000070ec00000, 0x000000070ec00000| Complete 
| 101|0x000000070ed00000, 0x000000070ee00000, 0x000000070ee00000|100%| E|CS|TAMS 0x000000070ed00000, 0x000000070ed00000| Complete 
| 102|0x000000070ee00000, 0x000000070ef00000, 0x000000070ef00000|100%| E|CS|TAMS 0x000000070ee00000, 0x000000070ee00000| Complete 
| 103|0x000000070ef00000, 0x000000070f000000, 0x000000070f000000|100%| E|CS|TAMS 0x000000070ef00000, 0x000000070ef00000| Complete 
| 104|0x000000070f000000, 0x000000070f100000, 0x000000070f100000|100%| E|CS|TAMS 0x000000070f000000, 0x000000070f000000| Complete 
| 105|0x000000070f100000, 0x000000070f200000, 0x000000070f200000|100%| E|CS|TAMS 0x000000070f100000, 0x000000070f100000| Complete 
| 106|0x000000070f200000, 0x000000070f300000, 0x000000070f300000|100%| E|CS|TAMS 0x000000070f200000, 0x000000070f200000| Complete 
| 107|0x000000070f300000, 0x000000070f400000, 0x000000070f400000|100%| E|CS|TAMS 0x000000070f300000, 0x000000070f300000| Complete 
| 108|0x000000070f400000, 0x000000070f500000, 0x000000070f500000|100%| E|CS|TAMS 0x000000070f400000, 0x000000070f400000| Complete 
| 109|0x000000070f500000, 0x000000070f600000, 0x000000070f600000|100%| E|CS|TAMS 0x000000070f500000, 0x000000070f500000| Complete 
| 110|0x000000070f600000, 0x000000070f700000, 0x000000070f700000|100%| E|CS|TAMS 0x000000070f600000, 0x000000070f600000| Complete 
| 111|0x000000070f700000, 0x000000070f800000, 0x000000070f800000|100%| E|CS|TAMS 0x000000070f700000, 0x000000070f700000| Complete 
| 112|0x000000070f800000, 0x000000070f900000, 0x000000070f900000|100%| E|CS|TAMS 0x000000070f800000, 0x000000070f800000| Complete 
| 113|0x000000070f900000, 0x000000070fa00000, 0x000000070fa00000|100%| E|CS|TAMS 0x000000070f900000, 0x000000070f900000| Complete 
| 114|0x000000070fa00000, 0x000000070fb00000, 0x000000070fb00000|100%| E|CS|TAMS 0x000000070fa00000, 0x000000070fa00000| Complete 
| 115|0x000000070fb00000, 0x000000070fc00000, 0x000000070fc00000|100%| E|CS|TAMS 0x000000070fb00000, 0x000000070fb00000| Complete 
| 116|0x000000070fc00000, 0x000000070fd00000, 0x000000070fd00000|100%| E|CS|TAMS 0x000000070fc00000, 0x000000070fc00000| Complete 
| 117|0x000000070fd00000, 0x000000070fe00000, 0x000000070fe00000|100%| E|CS|TAMS 0x000000070fd00000, 0x000000070fd00000| Complete 
| 118|0x000000070fe00000, 0x000000070ff00000, 0x000000070ff00000|100%| E|CS|TAMS 0x000000070fe00000, 0x000000070fe00000| Complete 
| 119|0x000000070ff00000, 0x0000000710000000, 0x0000000710000000|100%| E|CS|TAMS 0x000000070ff00000, 0x000000070ff00000| Complete 
| 120|0x0000000710000000, 0x0000000710100000, 0x0000000710100000|100%| E|CS|TAMS 0x0000000710000000, 0x0000000710000000| Complete 
| 121|0x0000000710100000, 0x0000000710200000, 0x0000000710200000|100%| E|CS|TAMS 0x0000000710100000, 0x0000000710100000| Complete 
| 122|0x0000000710200000, 0x0000000710300000, 0x0000000710300000|100%| E|CS|TAMS 0x0000000710200000, 0x0000000710200000| Complete 
| 123|0x0000000710300000, 0x0000000710400000, 0x0000000710400000|100%| E|CS|TAMS 0x0000000710300000, 0x0000000710300000| Complete 
| 124|0x0000000710400000, 0x0000000710500000, 0x0000000710500000|100%| E|CS|TAMS 0x0000000710400000, 0x0000000710400000| Complete 
| 125|0x0000000710500000, 0x0000000710600000, 0x0000000710600000|100%| E|CS|TAMS 0x0000000710500000, 0x0000000710500000| Complete 
| 126|0x0000000710600000, 0x0000000710700000, 0x0000000710700000|100%| E|CS|TAMS 0x0000000710600000, 0x0000000710600000| Complete 
| 127|0x0000000710700000, 0x0000000710800000, 0x0000000710800000|100%| E|CS|TAMS 0x0000000710700000, 0x0000000710700000| Complete 
| 128|0x0000000710800000, 0x0000000710900000, 0x0000000710900000|100%| E|CS|TAMS 0x0000000710800000, 0x0000000710800000| Complete 
| 129|0x0000000710900000, 0x0000000710a00000, 0x0000000710a00000|100%| E|CS|TAMS 0x0000000710900000, 0x0000000710900000| Complete 
| 130|0x0000000710a00000, 0x0000000710b00000, 0x0000000710b00000|100%| E|CS|TAMS 0x0000000710a00000, 0x0000000710a00000| Complete 
| 131|0x0000000710b00000, 0x0000000710c00000, 0x0000000710c00000|100%| E|CS|TAMS 0x0000000710b00000, 0x0000000710b00000| Complete 
| 132|0x0000000710c00000, 0x0000000710d00000, 0x0000000710d00000|100%| E|CS|TAMS 0x0000000710c00000, 0x0000000710c00000| Complete 
| 133|0x0000000710d00000, 0x0000000710e00000, 0x0000000710e00000|100%| E|CS|TAMS 0x0000000710d00000, 0x0000000710d00000| Complete 
| 134|0x0000000710e00000, 0x0000000710f00000, 0x0000000710f00000|100%| E|CS|TAMS 0x0000000710e00000, 0x0000000710e00000| Complete 
| 135|0x0000000710f00000, 0x0000000711000000, 0x0000000711000000|100%| E|CS|TAMS 0x0000000710f00000, 0x0000000710f00000| Complete 
| 136|0x0000000711000000, 0x0000000711100000, 0x0000000711100000|100%| E|CS|TAMS 0x0000000711000000, 0x0000000711000000| Complete 
|2934|0x00000007bfe00000, 0x00000007bfe47000, 0x00000007bff00000| 27%|OA|  |TAMS 0x00000007bfe47000, 0x00000007bfe00000| Untracked 
|2935|0x00000007bff00000, 0x00000007bff6a000, 0x00000007c0000000| 41%|CA|  |TAMS 0x00000007bff6a000, 0x00000007bff00000| Untracked 

Card table byte_map: [0x00007f0f702c2000,0x00007f0f70a7e000] _byte_map_base: 0x00007f0f6ca7e000

Marking Bits (Prev, Next): (CMBitMap*) 0x00007f0f6c07cb70, (CMBitMap*) 0x00007f0f6c07cb38
 Prev Bits: [0x00007f0f48440000, 0x00007f0f4c220000)
 Next Bits: [0x00007f0f4c220000, 0x00007f0f50000000)

Polling page: 0x00007f0f75771000

Metaspace:

Usage:
  Non-class:     64,70 MB capacity,    63,85 MB ( 99%) used,   681,48 KB (  1%) free+waste,   182,81 KB ( <1%) overhead. 
      Class:      9,07 MB capacity,     8,51 MB ( 94%) used,   485,70 KB (  5%) free+waste,    80,31 KB ( <1%) overhead. 
       Both:     73,76 MB capacity,    72,37 MB ( 98%) used,     1,14 MB (  2%) free+waste,   263,12 KB ( <1%) overhead. 

Virtual space:
  Non-class space:       66,00 MB reserved,      65,34 MB ( 99%) committed 
      Class space:        1,00 GB reserved,       9,17 MB ( <1%) committed 
             Both:        1,06 GB reserved,      74,51 MB (  7%) committed 

Chunk freelists:
   Non-Class:  455,00 KB
       Class:  0 bytes
        Both:  455,00 KB

MaxMetaspaceSize: unlimited
CompressedClassSpaceSize: 1,00 GB

CodeHeap 'non-profiled nmethods': size=120032Kb used=7605Kb max_used=7605Kb free=112426Kb
 bounds [0x00007f0f5c3d8000, 0x00007f0f5cb48000, 0x00007f0f63910000]
CodeHeap 'profiled nmethods': size=120032Kb used=19803Kb max_used=19803Kb free=100228Kb
 bounds [0x00007f0f54ea0000, 0x00007f0f56220000, 0x00007f0f5c3d8000]
CodeHeap 'non-nmethods': size=5696Kb used=1279Kb max_used=1366Kb free=4416Kb
 bounds [0x00007f0f54910000, 0x00007f0f54b80000, 0x00007f0f54ea0000]
 total_blobs=14331 nmethods=8875 adapters=582
 compilation: enabled
              stopped_count=0, restarted_count=0
 full_count=0

Compilation events (20 events):
Event: 154,562 Thread 0x00007f0f6c1ce000 10571       4       org.hibernate.service.internal.SessionFactoryServiceRegistryImpl::getService (39 bytes)
Event: 154,569 Thread 0x00007f0f1843c000 10572  s!   4       org.hsqldb.Session::execute (769 bytes)
Event: 154,577 Thread 0x00007f0f6c1ce000 nmethod 10571 0x00007f0f5cb3d710 code [0x00007f0f5cb3d940, 0x00007f0f5cb3e3e0]
Event: 154,577 Thread 0x00007f0f6c1ce000 10573       4       java.util.Random::<init> (53 bytes)
Event: 154,582 Thread 0x00007f0f6c1ce000 nmethod 10573 0x00007f0f5cb3eb10 code [0x00007f0f5cb3ecc0, 0x00007f0f5cb3f068]
Event: 154,592 Thread 0x00007f0f1843c000 nmethod 10572 0x00007f0f5cb3f190 code [0x00007f0f5cb3f3e0, 0x00007f0f5cb403c0]
Event: 154,593 Thread 0x00007f0f6c1d0000 10574       3       java.lang.Long::equals (30 bytes)
Event: 154,593 Thread 0x00007f0f6c1d0000 nmethod 10574 0x00007f0f56214e10 code [0x00007f0f56214fe0, 0x00007f0f56215430]
Event: 154,594 Thread 0x00007f0f6c1ce000 10575   !   4       org.springframework.orm.jpa.AbstractEntityManagerFactoryBean$ManagedEntityManagerFactoryInvocationHandler::invoke (110 bytes)
Event: 154,597 Thread 0x00007f0f1843c000 10576       4       org.hsqldb.map.BaseHashMap::addOrRemoveMultiVal (857 bytes)
Event: 154,601 Thread 0x00007f0f6c1ce000 nmethod 10575 0x00007f0f5cb40c10 code [0x00007f0f5cb40e00, 0x00007f0f5cb41458]
Event: 154,608 Thread 0x00007f0f6c1ce000 10577   !   4       com.sun.proxy.$Proxy101::hashCode (32 bytes)
Event: 154,616 Thread 0x00007f0f6c1ce000 nmethod 10577 0x00007f0f5cb41710 code [0x00007f0f5cb41920, 0x00007f0f5cb42068]
Event: 154,616 Thread 0x00007f0f6c1ce000 10578       4       boobook.business.RandomNameFiller::getRandom (17 bytes)
Event: 154,621 Thread 0x00007f0f6c1ce000 nmethod 10578 0x00007f0f5cb42410 code [0x00007f0f5cb425c0, 0x00007f0f5cb42878]
Event: 154,627 Thread 0x00007f0f1843c000 nmethod 10576 0x00007f0f5cb42b10 code [0x00007f0f5cb42d40, 0x00007f0f5cb43cf8]
Event: 154,650 Thread 0x00007f0f6c1ce000 10579       4       org.hibernate.event.internal.DefaultPersistEventListener::onPersist (397 bytes)
Event: 154,665 Thread 0x00007f0f1843c000 10580       4       org.hsqldb.ParserDQL::XreadAllTypesTerm (146 bytes)
Event: 154,671 Thread 0x00007f0f6c1ce000 nmethod 10579 0x00007f0f5cb44990 code [0x00007f0f5cb44be0, 0x00007f0f5cb45410]
Event: 154,679 Thread 0x00007f0f1843c000 nmethod 10580 0x00007f0f5cb45d10 code [0x00007f0f5cb461a0, 0x00007f0f5cb46a70]

GC Heap History (20 events):
Event: 149,408 GC heap after
{Heap after GC invocations=21 (full 1):
 garbage-first heap   total 112640K, used 29869K [0x0000000708800000, 0x0000000800000000)
  region size 1024K, 0 young (0K), 0 survivors (0K)
 Metaspace       used 73195K, capacity 74563K, committed 75656K, reserved 1116160K
  class space    used 8667K, capacity 9177K, committed 9264K, reserved 1048576K
}
Event: 149,975 GC heap before
{Heap before GC invocations=21 (full 1):
 garbage-first heap   total 112640K, used 87213K [0x0000000708800000, 0x0000000800000000)
  region size 1024K, 57 young (58368K), 0 survivors (0K)
 Metaspace       used 73497K, capacity 74898K, committed 75656K, reserved 1116160K
  class space    used 8682K, capacity 9219K, committed 9264K, reserved 1048576K
}
Event: 149,982 GC heap after
{Heap after GC invocations=22 (full 1):
 garbage-first heap   total 142336K, used 33965K [0x0000000708800000, 0x0000000800000000)
  region size 1024K, 4 young (4096K), 4 survivors (4096K)
 Metaspace       used 73497K, capacity 74898K, committed 75656K, reserved 1116160K
  class space    used 8682K, capacity 9219K, committed 9264K, reserved 1048576K
}
Event: 150,848 GC heap before
{Heap before GC invocations=22 (full 1):
 garbage-first heap   total 142336K, used 110765K [0x0000000708800000, 0x0000000800000000)
  region size 1024K, 80 young (81920K), 4 survivors (4096K)
 Metaspace       used 74097K, capacity 75533K, committed 76296K, reserved 1116160K
  class space    used 8717K, capacity 9284K, committed 9392K, reserved 1048576K
}
Event: 150,862 GC heap after
{Heap after GC invocations=23 (full 1):
 garbage-first heap   total 142336K, used 36401K [0x0000000708800000, 0x0000000800000000)
  region size 1024K, 7 young (7168K), 7 survivors (7168K)
 Metaspace       used 74097K, capacity 75533K, committed 76296K, reserved 1116160K
  class space    used 8717K, capacity 9284K, committed 9392K, reserved 1048576K
}
Event: 151,626 GC heap before
{Heap before GC invocations=23 (full 1):
 garbage-first heap   total 142336K, used 112177K [0x0000000708800000, 0x0000000800000000)
  region size 1024K, 81 young (82944K), 7 survivors (7168K)
 Metaspace       used 74097K, capacity 75533K, committed 76296K, reserved 1116160K
  class space    used 8717K, capacity 9284K, committed 9392K, reserved 1048576K
}
Event: 151,640 GC heap after
{Heap after GC invocations=24 (full 1):
 garbage-first heap   total 142336K, used 39085K [0x0000000708800000, 0x0000000800000000)
  region size 1024K, 9 young (9216K), 9 survivors (9216K)
 Metaspace       used 74097K, capacity 75533K, committed 76296K, reserved 1116160K
  class space    used 8717K, capacity 9284K, committed 9392K, reserved 1048576K
}
Event: 152,273 GC heap before
{Heap before GC invocations=24 (full 1):
 garbage-first heap   total 142336K, used 113837K [0x0000000708800000, 0x0000000800000000)
  region size 1024K, 82 young (83968K), 9 survivors (9216K)
 Metaspace       used 74097K, capacity 75533K, committed 76296K, reserved 1116160K
  class space    used 8717K, capacity 9284K, committed 9392K, reserved 1048576K
}
Event: 152,300 GC heap after
{Heap after GC invocations=25 (full 1):
 garbage-first heap   total 142336K, used 42511K [0x0000000708800000, 0x0000000800000000)
  region size 1024K, 7 young (7168K), 7 survivors (7168K)
 Metaspace       used 74097K, capacity 75533K, committed 76296K, reserved 1116160K
  class space    used 8717K, capacity 9284K, committed 9392K, reserved 1048576K
}
Event: 152,815 GC heap before
{Heap before GC invocations=25 (full 1):
 garbage-first heap   total 142336K, used 114191K [0x0000000708800000, 0x0000000800000000)
  region size 1024K, 77 young (78848K), 7 survivors (7168K)
 Metaspace       used 74097K, capacity 75533K, committed 76296K, reserved 1116160K
  class space    used 8717K, capacity 9284K, committed 9392K, reserved 1048576K
}
Event: 152,837 GC heap after
{Heap after GC invocations=26 (full 1):
 garbage-first heap   total 142336K, used 45490K [0x0000000708800000, 0x0000000800000000)
  region size 1024K, 7 young (7168K), 7 survivors (7168K)
 Metaspace       used 74097K, capacity 75533K, committed 76296K, reserved 1116160K
  class space    used 8717K, capacity 9284K, committed 9392K, reserved 1048576K
}
Event: 153,286 GC heap before
{Heap before GC invocations=26 (full 1):
 garbage-first heap   total 142336K, used 114098K [0x0000000708800000, 0x0000000800000000)
  region size 1024K, 74 young (75776K), 7 survivors (7168K)
 Metaspace       used 74102K, capacity 75533K, committed 76296K, reserved 1116160K
  class space    used 8717K, capacity 9284K, committed 9392K, reserved 1048576K
}
Event: 153,307 GC heap after
{Heap after GC invocations=27 (full 1):
 garbage-first heap   total 142336K, used 49200K [0x0000000708800000, 0x0000000800000000)
  region size 1024K, 7 young (7168K), 7 survivors (7168K)
 Metaspace       used 74102K, capacity 75533K, committed 76296K, reserved 1116160K
  class space    used 8717K, capacity 9284K, committed 9392K, reserved 1048576K
}
Event: 153,723 GC heap before
{Heap before GC invocations=27 (full 1):
 garbage-first heap   total 142336K, used 116784K [0x0000000708800000, 0x0000000800000000)
  region size 1024K, 72 young (73728K), 7 survivors (7168K)
 Metaspace       used 74102K, capacity 75533K, committed 76296K, reserved 1116160K
  class space    used 8717K, capacity 9284K, committed 9392K, reserved 1048576K
}
Event: 153,741 GC heap after
{Heap after GC invocations=28 (full 1):
 garbage-first heap   total 142336K, used 52542K [0x0000000708800000, 0x0000000800000000)
  region size 1024K, 6 young (6144K), 6 survivors (6144K)
 Metaspace       used 74102K, capacity 75533K, committed 76296K, reserved 1116160K
  class space    used 8717K, capacity 9284K, committed 9392K, reserved 1048576K
}
Event: 154,086 GC heap before
{Heap before GC invocations=28 (full 1):
 garbage-first heap   total 142336K, used 115006K [0x0000000708800000, 0x0000000800000000)
  region size 1024K, 67 young (68608K), 6 survivors (6144K)
 Metaspace       used 74102K, capacity 75533K, committed 76296K, reserved 1116160K
  class space    used 8717K, capacity 9284K, committed 9392K, reserved 1048576K
}
Event: 154,108 GC heap after
{Heap after GC invocations=29 (full 1):
 garbage-first heap   total 142336K, used 55767K [0x0000000708800000, 0x0000000800000000)
  region size 1024K, 6 young (6144K), 6 survivors (6144K)
 Metaspace       used 74102K, capacity 75533K, committed 76296K, reserved 1116160K
  class space    used 8717K, capacity 9284K, committed 9392K, reserved 1048576K
}
Event: 154,437 GC heap before
{Heap before GC invocations=29 (full 1):
 garbage-first heap   total 142336K, used 116183K [0x0000000708800000, 0x0000000800000000)
  region size 1024K, 65 young (66560K), 6 survivors (6144K)
 Metaspace       used 74102K, capacity 75533K, committed 76296K, reserved 1116160K
  class space    used 8717K, capacity 9284K, committed 9392K, reserved 1048576K
}
Event: 154,453 GC heap after
{Heap after GC invocations=30 (full 1):
 garbage-first heap   total 142336K, used 58836K [0x0000000708800000, 0x0000000800000000)
  region size 1024K, 6 young (6144K), 6 survivors (6144K)
 Metaspace       used 74102K, capacity 75533K, committed 76296K, reserved 1116160K
  class space    used 8717K, capacity 9284K, committed 9392K, reserved 1048576K
}
Event: 154,706 GC heap before
{Heap before GC invocations=30 (full 1):
 garbage-first heap   total 142336K, used 116180K [0x0000000708800000, 0x0000000800000000)
  region size 1024K, 62 young (63488K), 6 survivors (6144K)
 Metaspace       used 74102K, capacity 75533K, committed 76296K, reserved 1116160K
  class space    used 8717K, capacity 9284K, committed 9392K, reserved 1048576K
}

Deoptimization events (20 events):
Event: 151,239 Thread 0x00007f0f041f3800 DEOPT PACKING pc=0x00007f0f55582b2c sp=0x00007f0edb2ed870
Event: 151,239 Thread 0x00007f0f041f3800 DEOPT UNPACKING pc=0x00007f0f549388ba sp=0x00007f0edb2ecd78 mode 0
Event: 151,245 Thread 0x00007f0f041f3800 DEOPT PACKING pc=0x00007f0f55581ef1 sp=0x00007f0edb2ed870
Event: 151,245 Thread 0x00007f0f041f3800 DEOPT UNPACKING pc=0x00007f0f549388ba sp=0x00007f0edb2ecdb8 mode 0
Event: 151,295 Thread 0x00007f0f041f3800 DEOPT PACKING pc=0x00007f0f56125e7e sp=0x00007f0edb2edfa0
Event: 151,295 Thread 0x00007f0f041f3800 DEOPT UNPACKING pc=0x00007f0f549388ba sp=0x00007f0edb2ed560 mode 0
Event: 151,344 Thread 0x00007f0f041f3800 DEOPT PACKING pc=0x00007f0f56125e7e sp=0x00007f0edb2edfa0
Event: 151,344 Thread 0x00007f0f041f3800 DEOPT UNPACKING pc=0x00007f0f549388ba sp=0x00007f0edb2ed560 mode 0
Event: 151,394 Thread 0x00007f0f041f3800 DEOPT PACKING pc=0x00007f0f56125e7e sp=0x00007f0edb2edfa0
Event: 151,394 Thread 0x00007f0f041f3800 DEOPT UNPACKING pc=0x00007f0f549388ba sp=0x00007f0edb2ed560 mode 0
Event: 151,441 Thread 0x00007f0f041f3800 DEOPT PACKING pc=0x00007f0f56125e7e sp=0x00007f0edb2edfa0
Event: 151,441 Thread 0x00007f0f041f3800 DEOPT UNPACKING pc=0x00007f0f549388ba sp=0x00007f0edb2ed560 mode 0
Event: 151,482 Thread 0x00007f0f041f3800 DEOPT PACKING pc=0x00007f0f56125e7e sp=0x00007f0edb2edfa0
Event: 151,482 Thread 0x00007f0f041f3800 DEOPT UNPACKING pc=0x00007f0f549388ba sp=0x00007f0edb2ed560 mode 0
Event: 151,521 Thread 0x00007f0f041f3800 DEOPT PACKING pc=0x00007f0f56125e7e sp=0x00007f0edb2edfa0
Event: 151,521 Thread 0x00007f0f041f3800 DEOPT UNPACKING pc=0x00007f0f549388ba sp=0x00007f0edb2ed560 mode 0
Event: 151,562 Thread 0x00007f0f041f3800 DEOPT PACKING pc=0x00007f0f56125e7e sp=0x00007f0edb2edfa0
Event: 151,562 Thread 0x00007f0f041f3800 DEOPT UNPACKING pc=0x00007f0f549388ba sp=0x00007f0edb2ed560 mode 0
Event: 151,605 Thread 0x00007f0f041f3800 DEOPT PACKING pc=0x00007f0f56125e7e sp=0x00007f0edb2edfa0
Event: 151,605 Thread 0x00007f0f041f3800 DEOPT UNPACKING pc=0x00007f0f549388ba sp=0x00007f0edb2ed560 mode 0

Classes redefined (0 events):
No events

Internal exceptions (20 events):
Event: 79,570 Thread 0x00007f0eed0c8000 Exception <a 'java/lang/ClassNotFoundException'{0x00000007182b0a18}: org/hibernate/proxy/HibernateProxyCustomizer> (0x00000007182b0a18) thrown at [/build/openjdk-lts-iuKaMP/openjdk-lts-11.0.6+10/src/hotspot/share/classfile/systemDictionary.cpp, line 231]
Event: 79,570 Thread 0x00007f0eed0c8000 Exception <a 'java/lang/ClassNotFoundException'{0x00000007182c0b80}: org/hibernate/proxy/ProxyConfigurationCustomizer> (0x00000007182c0b80) thrown at [/build/openjdk-lts-iuKaMP/openjdk-lts-11.0.6+10/src/hotspot/share/classfile/systemDictionary.cpp, line 2
Event: 87,510 Thread 0x00007f0eec02e800 Exception <a 'java/lang/ClassNotFoundException'{0x0000000717b7b918}: java/lang/ObjectCustomizer> (0x0000000717b7b918) thrown at [/build/openjdk-lts-iuKaMP/openjdk-lts-11.0.6+10/src/hotspot/share/classfile/systemDictionary.cpp, line 231]
Event: 87,511 Thread 0x00007f0eec02e800 Exception <a 'java/lang/ClassNotFoundException'{0x0000000717b8b998}: boobook/model/GroupCustomizer> (0x0000000717b8b998) thrown at [/build/openjdk-lts-iuKaMP/openjdk-lts-11.0.6+10/src/hotspot/share/classfile/systemDictionary.cpp, line 231]
Event: 87,524 Thread 0x00007f0eec02e800 Exception <a 'java/lang/reflect/InvocationTargetException'{0x0000000717bf5df8}> (0x0000000717bf5df8) thrown at [/build/openjdk-lts-iuKaMP/openjdk-lts-11.0.6+10/src/hotspot/share/runtime/reflection.cpp, line 1247]
Event: 149,140 Thread 0x00007f0ee0006000 Implicit null exception at 0x00007f0f5c84c307 to 0x00007f0f5c84c3e2
Event: 149,140 Thread 0x00007f0ee0006000 Implicit null exception at 0x00007f0f5c86bbf0 to 0x00007f0f5c86c676
Event: 149,141 Thread 0x00007f0ee0006000 Implicit null exception at 0x00007f0f5c6b3159 to 0x00007f0f5c6b40be
Event: 149,142 Thread 0x00007f0ee0006000 Implicit null exception at 0x00007f0f5c6b0fc9 to 0x00007f0f5c6b1e62
Event: 149,142 Thread 0x00007f0ee0006000 Implicit null exception at 0x00007f0f5c82038b to 0x00007f0f5c8204ca
Event: 149,317 Thread 0x00007f0ee0006000 Exception <a 'java/lang/NoSuchMethodError'{0x000000071680b7c8}: <clinit>> (0x000000071680b7c8) thrown at [/build/openjdk-lts-iuKaMP/openjdk-lts-11.0.6+10/src/hotspot/share/prims/jni.cpp, line 1362]
Event: 149,328 Thread 0x00007f0eeca8b000 Exception <a 'java/lang/InterruptedException'{0x0000000716880840}: sleep interrupted> (0x0000000716880840) thrown at [/build/openjdk-lts-iuKaMP/openjdk-lts-11.0.6+10/src/hotspot/share/prims/jvm.cpp, line 3107]
Event: 149,420 Thread 0x00007f0f041f3800 Exception <a 'java/io/FileNotFoundException'{0x000000070f3f5a88}> (0x000000070f3f5a88) thrown at [/build/openjdk-lts-iuKaMP/openjdk-lts-11.0.6+10/src/hotspot/share/prims/jni.cpp, line 615]
Event: 149,833 Thread 0x00007f0f041f3800 Implicit null exception at 0x00007f0f5c6965d7 to 0x00007f0f5c6967f2
Event: 150,011 Thread 0x00007f0f041f3800 Exception <a 'java/io/FileNotFoundException'{0x000000070fc9c700}> (0x000000070fc9c700) thrown at [/build/openjdk-lts-iuKaMP/openjdk-lts-11.0.6+10/src/hotspot/share/prims/jni.cpp, line 615]
Event: 150,322 Thread 0x00007f0f041f3800 Exception <a 'java/io/FileNotFoundException'{0x000000070e42caf0}> (0x000000070e42caf0) thrown at [/build/openjdk-lts-iuKaMP/openjdk-lts-11.0.6+10/src/hotspot/share/prims/jni.cpp, line 615]
Event: 150,322 Thread 0x00007f0f041f3800 Exception <a 'java/io/FileNotFoundException'{0x000000070e42d808}> (0x000000070e42d808) thrown at [/build/openjdk-lts-iuKaMP/openjdk-lts-11.0.6+10/src/hotspot/share/prims/jni.cpp, line 615]
Event: 150,562 Thread 0x00007f0f041f3800 Implicit null exception at 0x00007f0f5c83c3d3 to 0x00007f0f5c83c5a6
Event: 150,563 Thread 0x00007f0f041f3800 Implicit null exception at 0x00007f0f5c8c3aa5 to 0x00007f0f5c8c866a
Event: 150,563 Thread 0x00007f0f041f3800 Implicit null exception at 0x00007f0f5c7e8a48 to 0x00007f0f5c7f002a

Events (20 events):
Event: 150,862 Executing VM operation: RevokeBias done
Event: 150,862 Executing VM operation: RevokeBias
Event: 150,862 Executing VM operation: RevokeBias done
Event: 150,862 Executing VM operation: RevokeBias
Event: 150,865 Executing VM operation: RevokeBias done
Event: 151,626 Executing VM operation: G1CollectForAllocation
Event: 151,641 Executing VM operation: G1CollectForAllocation done
Event: 152,273 Executing VM operation: G1CollectForAllocation
Event: 152,300 Executing VM operation: G1CollectForAllocation done
Event: 152,815 Executing VM operation: G1CollectForAllocation
Event: 152,837 Executing VM operation: G1CollectForAllocation done
Event: 153,285 Executing VM operation: G1CollectForAllocation
Event: 153,307 Executing VM operation: G1CollectForAllocation done
Event: 153,723 Executing VM operation: G1CollectForAllocation
Event: 153,741 Executing VM operation: G1CollectForAllocation done
Event: 154,086 Executing VM operation: G1CollectForAllocation
Event: 154,108 Executing VM operation: G1CollectForAllocation done
Event: 154,437 Executing VM operation: G1CollectForAllocation
Event: 154,453 Executing VM operation: G1CollectForAllocation done
Event: 154,706 Executing VM operation: G1CollectForAllocation


Dynamic libraries:
708800000-711100000 rw-p 00000000 00:00 0 
711100000-7bfe00000 ---p 00000000 00:00 0 
7bfe00000-7bfe47000 rw-p 01105000 08:01 23069408                         /usr/lib/jvm/java-11-openjdk-amd64/lib/server/classes.jsa
7bfe47000-7bff00000 rw-p 00000000 00:00 0 
7bff00000-7bff6a000 rw-p 0109b000 08:01 23069408                         /usr/lib/jvm/java-11-openjdk-amd64/lib/server/classes.jsa
7bff6a000-7c0000000 rw-p 00000000 00:00 0 
7c0000000-800000000 ---p 00000000 00:00 0 
800000000-800002000 rwxp 00001000 08:01 23069408                         /usr/lib/jvm/java-11-openjdk-amd64/lib/server/classes.jsa
800002000-8003b8000 rw-p 00003000 08:01 23069408                         /usr/lib/jvm/java-11-openjdk-amd64/lib/server/classes.jsa
8003b8000-800a8d000 r--p 003b9000 08:01 23069408                         /usr/lib/jvm/java-11-openjdk-amd64/lib/server/classes.jsa
800a8d000-800a8e000 rw-p 00a8e000 08:01 23069408                         /usr/lib/jvm/java-11-openjdk-amd64/lib/server/classes.jsa
800a8e000-80109a000 r--p 00a8f000 08:01 23069408                         /usr/lib/jvm/java-11-openjdk-amd64/lib/server/classes.jsa
840000000-84092c000 rw-p 00000000 00:00 0 
84092c000-880000000 ---p 00000000 00:00 0 
55c898c36000-55c898c37000 r-xp 00000000 08:01 20448924                   /usr/lib/jvm/java-11-openjdk-amd64/bin/java
55c898e37000-55c898e38000 r--p 00001000 08:01 20448924                   /usr/lib/jvm/java-11-openjdk-amd64/bin/java
55c898e38000-55c898e39000 rw-p 00002000 08:01 20448924                   /usr/lib/jvm/java-11-openjdk-amd64/bin/java
55c899a84000-55c899ac7000 rw-p 00000000 00:00 0                          [heap]
7f0ec4000000-7f0ec4021000 rw-p 00000000 00:00 0 
7f0ec4021000-7f0ec8000000 ---p 00000000 00:00 0 
7f0ecc000000-7f0ecc4b1000 rw-p 00000000 00:00 0 
7f0ecc4b1000-7f0ed0000000 ---p 00000000 00:00 0 
7f0ed0000000-7f0ed00fe000 rw-p 00000000 00:00 0 
7f0ed00fe000-7f0ed4000000 ---p 00000000 00:00 0 
7f0ed4000000-7f0ed405c000 rw-p 00000000 00:00 0 
7f0ed405c000-7f0ed8000000 ---p 00000000 00:00 0 
7f0eda3f2000-7f0eda572000 rw-p 00000000 00:00 0 
7f0eda572000-7f0eda5f2000 ---p 00000000 00:00 0 
7f0eda5f2000-7f0eda7f2000 rw-p 00000000 00:00 0 
7f0eda7f2000-7f0eda9f2000 rw-p 00000000 00:00 0 
7f0eda9f2000-7f0edabf2000 rw-p 00000000 00:00 0 
7f0edabf2000-7f0edadf2000 rw-p 00000000 00:00 0 
7f0edadf2000-7f0edaff2000 rw-p 00000000 00:00 0 
7f0edaff2000-7f0edb1f2000 rw-p 00000000 00:00 0 
7f0edb1f2000-7f0edb1f6000 ---p 00000000 00:00 0 
7f0edb1f6000-7f0edb2f3000 rw-p 00000000 00:00 0 
7f0edb2f3000-7f0edb2f7000 ---p 00000000 00:00 0 
7f0edb2f7000-7f0edb3f4000 rw-p 00000000 00:00 0 
7f0edb3f4000-7f0edb3f8000 ---p 00000000 00:00 0 
7f0edb3f8000-7f0edb4f5000 rw-p 00000000 00:00 0 
7f0edb4f5000-7f0edb4f9000 ---p 00000000 00:00 0 
7f0edb4f9000-7f0edb5f6000 rw-p 00000000 00:00 0 
7f0edb5f6000-7f0edb5fa000 ---p 00000000 00:00 0 
7f0edb5fa000-7f0edb6f7000 rw-p 00000000 00:00 0 
7f0edb6f7000-7f0edb6fb000 ---p 00000000 00:00 0 
7f0edb6fb000-7f0edb7f8000 rw-p 00000000 00:00 0 
7f0edb7f8000-7f0edb7fc000 ---p 00000000 00:00 0 
7f0edb7fc000-7f0edb8f9000 rw-p 00000000 00:00 0 
7f0edb8f9000-7f0edb8fd000 ---p 00000000 00:00 0 
7f0edb8fd000-7f0edb9fa000 rw-p 00000000 00:00 0 
7f0edb9fa000-7f0edb9fe000 ---p 00000000 00:00 0 
7f0edb9fe000-7f0edbafb000 rw-p 00000000 00:00 0 
7f0edbafb000-7f0edbaff000 ---p 00000000 00:00 0 
7f0edbaff000-7f0edbbfc000 rw-p 00000000 00:00 0 
7f0edbbfc000-7f0edbc00000 ---p 00000000 00:00 0 
7f0edbc00000-7f0edbcfd000 rw-p 00000000 00:00 0 
7f0edbcfd000-7f0edbd01000 ---p 00000000 00:00 0 
7f0edbd01000-7f0edbdfe000 rw-p 00000000 00:00 0 
7f0edbdfe000-7f0edbe02000 ---p 00000000 00:00 0 
7f0edbe02000-7f0edbeff000 rw-p 00000000 00:00 0 
7f0edbeff000-7f0edbf03000 ---p 00000000 00:00 0 
7f0edbf03000-7f0edc000000 rw-p 00000000 00:00 0 
7f0edc000000-7f0edc021000 rw-p 00000000 00:00 0 
7f0edc021000-7f0ee0000000 ---p 00000000 00:00 0 
7f0ee0000000-7f0ee0021000 rw-p 00000000 00:00 0 
7f0ee0021000-7f0ee4000000 ---p 00000000 00:00 0 
7f0ee4000000-7f0ee4027000 rw-p 00000000 00:00 0 
7f0ee4027000-7f0ee8000000 ---p 00000000 00:00 0 
7f0ee8000000-7f0ee8021000 rw-p 00000000 00:00 0 
7f0ee8021000-7f0eec000000 ---p 00000000 00:00 0 
7f0eec000000-7f0eed22c000 rw-p 00000000 00:00 0 
7f0eed22c000-7f0ef0000000 ---p 00000000 00:00 0 
7f0ef0000000-7f0ef0434000 rw-p 00000000 00:00 0 
7f0ef0434000-7f0ef4000000 ---p 00000000 00:00 0 
7f0ef4000000-7f0ef4030000 rw-p 00000000 00:00 0 
7f0ef4030000-7f0ef8000000 ---p 00000000 00:00 0 
7f0ef8000000-7f0ef94ed000 rw-p 00000000 00:00 0 
7f0ef94ed000-7f0efc000000 ---p 00000000 00:00 0 
7f0efc000000-7f0efc021000 rw-p 00000000 00:00 0 
7f0efc021000-7f0f00000000 ---p 00000000 00:00 0 
7f0f00000000-7f0f0002b000 rw-p 00000000 00:00 0 
7f0f0002b000-7f0f04000000 ---p 00000000 00:00 0 
7f0f04000000-7f0f067e7000 rw-p 00000000 00:00 0 
7f0f067e7000-7f0f08000000 ---p 00000000 00:00 0 
7f0f08000000-7f0f08021000 rw-p 00000000 00:00 0 
7f0f08021000-7f0f0c000000 ---p 00000000 00:00 0 
7f0f0c0cd000-7f0f0c2bb000 rw-p 00000000 00:00 0 
7f0f0c2bb000-7f0f0c2cd000 ---p 00000000 00:00 0 
7f0f0c2cd000-7f0f0c4cd000 rw-p 00000000 00:00 0 
7f0f0c4cd000-7f0f0c4d1000 ---p 00000000 00:00 0 
7f0f0c4d1000-7f0f0c5ce000 rw-p 00000000 00:00 0 
7f0f0c5ce000-7f0f0c5d2000 ---p 00000000 00:00 0 
7f0f0c5d2000-7f0f0c6cf000 rw-p 00000000 00:00 0 
7f0f0c6cf000-7f0f0c6d1000 r-xp 00000000 08:01 23071937                   /usr/lib/jvm/java-11-openjdk-amd64/lib/libextnet.so
7f0f0c6d1000-7f0f0c8d0000 ---p 00002000 08:01 23071937                   /usr/lib/jvm/java-11-openjdk-amd64/lib/libextnet.so
7f0f0c8d0000-7f0f0c8d1000 r--p 00001000 08:01 23071937                   /usr/lib/jvm/java-11-openjdk-amd64/lib/libextnet.so
7f0f0c8d1000-7f0f0c8d2000 rw-p 00002000 08:01 23071937                   /usr/lib/jvm/java-11-openjdk-amd64/lib/libextnet.so
7f0f0c8d2000-7f0f0cad2000 rw-p 00000000 00:00 0 
7f0f0cad2000-7f0f0ccd2000 rw-p 00000000 00:00 0 
7f0f0ccd2000-7f0f0ced2000 rw-p 00000000 00:00 0 
7f0f0ced2000-7f0f0d0d2000 rw-p 00000000 00:00 0 
7f0f0d0d2000-7f0f0d2d2000 rw-p 00000000 00:00 0 
7f0f0d2d2000-7f0f0d4d2000 rw-p 00000000 00:00 0 
7f0f0d4d2000-7f0f0d6d2000 rw-p 00000000 00:00 0 
7f0f0d6d2000-7f0f0d8d2000 rw-p 00000000 00:00 0 
7f0f0d8d2000-7f0f0daba000 rw-p 00000000 00:00 0 
7f0f0daba000-7f0f0dad2000 ---p 00000000 00:00 0 
7f0f0dad2000-7f0f0dad6000 ---p 00000000 00:00 0 
7f0f0dad6000-7f0f0ddd3000 rw-p 00000000 00:00 0 
7f0f0ddd3000-7f0f0dfd3000 rw-p 00000000 00:00 0 
7f0f0dfd3000-7f0f0e1d3000 rw-p 00000000 00:00 0 
7f0f0e1d3000-7f0f0e3d3000 rw-p 00000000 00:00 0 
7f0f0e3d3000-7f0f0e5d3000 rw-p 00000000 00:00 0 
7f0f0e5d3000-7f0f0e7d3000 rw-p 00000000 00:00 0 
7f0f0e7d3000-7f0f0e9d3000 rw-p 00000000 00:00 0 
7f0f0e9d3000-7f0f0e9d7000 ---p 00000000 00:00 0 
7f0f0e9d7000-7f0f0ecd4000 rw-p 00000000 00:00 0 
7f0f0ecd4000-7f0f0eed4000 rw-p 00000000 00:00 0 
7f0f0eed4000-7f0f0f0d4000 rw-p 00000000 00:00 0 
7f0f0f0d4000-7f0f0f2d4000 rw-p 00000000 00:00 0 
7f0f0f2d4000-7f0f0f2d8000 ---p 00000000 00:00 0 
7f0f0f2d8000-7f0f0f3d5000 rw-p 00000000 00:00 0 
7f0f0f3d5000-7f0f0f3d9000 ---p 00000000 00:00 0 
7f0f0f3d9000-7f0f0f4d6000 rw-p 00000000 00:00 0 
7f0f0f4d6000-7f0f0f4da000 ---p 00000000 00:00 0 
7f0f0f4da000-7f0f0f5d7000 rw-p 00000000 00:00 0 
7f0f0f5d7000-7f0f0f5dc000 r-xp 00000000 08:01 23071954                   /usr/lib/jvm/java-11-openjdk-amd64/lib/libmanagement_ext.so
7f0f0f5dc000-7f0f0f7db000 ---p 00005000 08:01 23071954                   /usr/lib/jvm/java-11-openjdk-amd64/lib/libmanagement_ext.so
7f0f0f7db000-7f0f0f7dc000 r--p 00004000 08:01 23071954                   /usr/lib/jvm/java-11-openjdk-amd64/lib/libmanagement_ext.so
7f0f0f7dc000-7f0f0f7dd000 rw-p 00005000 08:01 23071954                   /usr/lib/jvm/java-11-openjdk-amd64/lib/libmanagement_ext.so
7f0f0f7dd000-7f0f0f7e1000 r-xp 00000000 08:01 23071952                   /usr/lib/jvm/java-11-openjdk-amd64/lib/libmanagement.so
7f0f0f7e1000-7f0f0f9e0000 ---p 00004000 08:01 23071952                   /usr/lib/jvm/java-11-openjdk-amd64/lib/libmanagement.so
7f0f0f9e0000-7f0f0f9e1000 r--p 00003000 08:01 23071952                   /usr/lib/jvm/java-11-openjdk-amd64/lib/libmanagement.so
7f0f0f9e1000-7f0f0f9e2000 rw-p 00004000 08:01 23071952                   /usr/lib/jvm/java-11-openjdk-amd64/lib/libmanagement.so
7f0f0f9e2000-7f0f0f9e3000 ---p 00000000 00:00 0 
7f0f0f9e3000-7f0f0fae4000 rw-p 00000000 00:00 0 
7f0f0fae4000-7f0f0fae5000 ---p 00000000 00:00 0 
7f0f0fae5000-7f0f0fbe6000 rw-p 00000000 00:00 0 
7f0f0fbe6000-7f0f0fbe7000 ---p 00000000 00:00 0 
7f0f0fbe7000-7f0f0fce8000 rw-p 00000000 00:00 0 
7f0f0fce8000-7f0f0fcec000 ---p 00000000 00:00 0 
7f0f0fcec000-7f0f0fde9000 rw-p 00000000 00:00 0 
7f0f0fde9000-7f0f0fdff000 r-xp 00000000 08:01 23071956                   /usr/lib/jvm/java-11-openjdk-amd64/lib/libnet.so
7f0f0fdff000-7f0f0fffe000 ---p 00016000 08:01 23071956                   /usr/lib/jvm/java-11-openjdk-amd64/lib/libnet.so
7f0f0fffe000-7f0f0ffff000 r--p 00015000 08:01 23071956                   /usr/lib/jvm/java-11-openjdk-amd64/lib/libnet.so
7f0f0ffff000-7f0f10000000 rw-p 00016000 08:01 23071956                   /usr/lib/jvm/java-11-openjdk-amd64/lib/libnet.so
7f0f10000000-7f0f10021000 rw-p 00000000 00:00 0 
7f0f10021000-7f0f14000000 ---p 00000000 00:00 0 
7f0f14000000-7f0f14021000 rw-p 00000000 00:00 0 
7f0f14021000-7f0f18000000 ---p 00000000 00:00 0 
7f0f18000000-7f0f18e77000 rw-p 00000000 00:00 0 
7f0f18e77000-7f0f1c000000 ---p 00000000 00:00 0 
7f0f1c000000-7f0f1c059000 rw-p 00000000 00:00 0 
7f0f1c059000-7f0f20000000 ---p 00000000 00:00 0 
7f0f20000000-7f0f20021000 rw-p 00000000 00:00 0 
7f0f20021000-7f0f24000000 ---p 00000000 00:00 0 
7f0f24000000-7f0f26446000 rw-p 00000000 00:00 0 
7f0f26446000-7f0f28000000 ---p 00000000 00:00 0 
7f0f28000000-7f0f28021000 rw-p 00000000 00:00 0 
7f0f28021000-7f0f2c000000 ---p 00000000 00:00 0 
7f0f2c000000-7f0f2c021000 rw-p 00000000 00:00 0 
7f0f2c021000-7f0f30000000 ---p 00000000 00:00 0 
7f0f30000000-7f0f30021000 rw-p 00000000 00:00 0 
7f0f30021000-7f0f34000000 ---p 00000000 00:00 0 
7f0f34000000-7f0f34d47000 rw-p 00000000 00:00 0 
7f0f34d47000-7f0f38000000 ---p 00000000 00:00 0 
7f0f38000000-7f0f38027000 rw-p 00000000 00:00 0 
7f0f38027000-7f0f3c000000 ---p 00000000 00:00 0 
7f0f3c000000-7f0f3c021000 rw-p 00000000 00:00 0 
7f0f3c021000-7f0f40000000 ---p 00000000 00:00 0 
7f0f40091000-7f0f400a1000 r-xp 00000000 08:01 23071957                   /usr/lib/jvm/java-11-openjdk-amd64/lib/libnio.so
7f0f400a1000-7f0f402a0000 ---p 00010000 08:01 23071957                   /usr/lib/jvm/java-11-openjdk-amd64/lib/libnio.so
7f0f402a0000-7f0f402a1000 r--p 0000f000 08:01 23071957                   /usr/lib/jvm/java-11-openjdk-amd64/lib/libnio.so
7f0f402a1000-7f0f402a2000 rw-p 00010000 08:01 23071957                   /usr/lib/jvm/java-11-openjdk-amd64/lib/libnio.so
7f0f402a2000-7f0f402a6000 ---p 00000000 00:00 0 
7f0f402a6000-7f0f403a3000 rw-p 00000000 00:00 0 
7f0f403a3000-7f0f403a4000 ---p 00000000 00:00 0 
7f0f403a4000-7f0f404a5000 rw-p 00000000 00:00 0 
7f0f404a5000-7f0f404a9000 ---p 00000000 00:00 0 
7f0f404a9000-7f0f405a6000 rw-p 00000000 00:00 0 
7f0f405a6000-7f0f405aa000 ---p 00000000 00:00 0 
7f0f405aa000-7f0f406a7000 rw-p 00000000 00:00 0 
7f0f406a7000-7f0f406ab000 ---p 00000000 00:00 0 
7f0f406ab000-7f0f407a8000 rw-p 00000000 00:00 0 
7f0f407a8000-7f0f407ac000 ---p 00000000 00:00 0 
7f0f407ac000-7f0f408a9000 rw-p 00000000 00:00 0 
7f0f408a9000-7f0f408ad000 ---p 00000000 00:00 0 
7f0f408ad000-7f0f409aa000 rw-p 00000000 00:00 0 
7f0f409aa000-7f0f41379000 r--p 00000000 08:01 18094651                   /usr/lib/locale/locale-archive
7f0f41379000-7f0f4137d000 ---p 00000000 00:00 0 
7f0f4137d000-7f0f4147a000 rw-p 00000000 00:00 0 
7f0f4147a000-7f0f4147e000 ---p 00000000 00:00 0 
7f0f4147e000-7f0f4157b000 rw-p 00000000 00:00 0 
7f0f4157b000-7f0f4157c000 ---p 00000000 00:00 0 
7f0f4157c000-7f0f41efe000 rw-p 00000000 00:00 0 
7f0f41efe000-7f0f41eff000 ---p 00000000 00:00 0 
7f0f41eff000-7f0f44000000 rw-p 00000000 00:00 0 
7f0f44000000-7f0f44021000 rw-p 00000000 00:00 0 
7f0f44021000-7f0f48000000 ---p 00000000 00:00 0 
7f0f4803b000-7f0f4803c000 ---p 00000000 00:00 0 
7f0f4803c000-7f0f48664000 rw-p 00000000 00:00 0 
7f0f48664000-7f0f4b218000 ---p 00000000 00:00 0 
7f0f4b218000-7f0f4b220000 rw-p 00000000 00:00 0 
7f0f4b220000-7f0f4c220000 ---p 00000000 00:00 0 
7f0f4c220000-7f0f4c444000 rw-p 00000000 00:00 0 
7f0f4c444000-7f0f4eff8000 ---p 00000000 00:00 0 
7f0f4eff8000-7f0f4f000000 rw-p 00000000 00:00 0 
7f0f4f000000-7f0f50000000 ---p 00000000 00:00 0 
7f0f50000000-7f0f50021000 rw-p 00000000 00:00 0 
7f0f50021000-7f0f54000000 ---p 00000000 00:00 0 
7f0f5402d000-7f0f54053000 r--p 00000000 08:01 19926249                   /usr/share/locale-langpack/fr/LC_MESSAGES/libc.mo
7f0f54053000-7f0f54199000 rw-p 00000000 00:00 0 
7f0f54199000-7f0f5470f000 ---p 00000000 00:00 0 
7f0f5470f000-7f0f54710000 rw-p 00000000 00:00 0 
7f0f54710000-7f0f54910000 ---p 00000000 00:00 0 
7f0f54910000-7f0f54b80000 rwxp 00000000 00:00 0 
7f0f54b80000-7f0f54ea0000 ---p 00000000 00:00 0 
7f0f54ea0000-7f0f56220000 rwxp 00000000 00:00 0 
7f0f56220000-7f0f5c3d8000 ---p 00000000 00:00 0 
7f0f5c3d8000-7f0f5cb48000 rwxp 00000000 00:00 0 
7f0f5cb48000-7f0f63910000 ---p 00000000 00:00 0 
7f0f63910000-7f0f6c000000 r--s 00000000 08:01 23071966                   /usr/lib/jvm/java-11-openjdk-amd64/lib/modules
7f0f6c000000-7f0f6c93e000 rw-p 00000000 00:00 0 
7f0f6c93e000-7f0f70000000 ---p 00000000 00:00 0 
7f0f7000a000-7f0f700be000 rw-p 00000000 00:00 0 
7f0f700be000-7f0f700bf000 ---p 00000000 00:00 0 
7f0f700bf000-7f0f701c0000 rw-p 00000000 00:00 0 
7f0f701c0000-7f0f701c1000 ---p 00000000 00:00 0 
7f0f701c1000-7f0f70307000 rw-p 00000000 00:00 0 
7f0f70307000-7f0f7087d000 ---p 00000000 00:00 0 
7f0f7087d000-7f0f7087e000 rw-p 00000000 00:00 0 
7f0f7087e000-7f0f70a7e000 ---p 00000000 00:00 0 
7f0f70a7e000-7f0f70ac3000 rw-p 00000000 00:00 0 
7f0f70ac3000-7f0f71039000 ---p 00000000 00:00 0 
7f0f71039000-7f0f7103a000 rw-p 00000000 00:00 0 
7f0f7103a000-7f0f7123a000 ---p 00000000 00:00 0 
7f0f7123a000-7f0f7163e000 rw-p 00000000 00:00 0 
7f0f7163e000-7f0f7163f000 ---p 00000000 00:00 0 
7f0f7163f000-7f0f7174f000 rw-p 00000000 00:00 0 
7f0f7174f000-7f0f7182b000 ---p 00000000 00:00 0 
7f0f7182b000-7f0f71852000 rw-p 00000000 00:00 0 
7f0f71852000-7f0f71916000 ---p 00000000 00:00 0 
7f0f71916000-7f0f7191b000 r-xp 00000000 08:01 23071948                   /usr/lib/jvm/java-11-openjdk-amd64/lib/libjimage.so
7f0f7191b000-7f0f71b1a000 ---p 00005000 08:01 23071948                   /usr/lib/jvm/java-11-openjdk-amd64/lib/libjimage.so
7f0f71b1a000-7f0f71b1b000 r--p 00004000 08:01 23071948                   /usr/lib/jvm/java-11-openjdk-amd64/lib/libjimage.so
7f0f71b1b000-7f0f71b1c000 rw-p 00005000 08:01 23071948                   /usr/lib/jvm/java-11-openjdk-amd64/lib/libjimage.so
7f0f71b1c000-7f0f71b23000 r-xp 00000000 08:01 23071965                   /usr/lib/jvm/java-11-openjdk-amd64/lib/libzip.so
7f0f71b23000-7f0f71d22000 ---p 00007000 08:01 23071965                   /usr/lib/jvm/java-11-openjdk-amd64/lib/libzip.so
7f0f71d22000-7f0f71d23000 r--p 00006000 08:01 23071965                   /usr/lib/jvm/java-11-openjdk-amd64/lib/libzip.so
7f0f71d23000-7f0f71d24000 rw-p 00007000 08:01 23071965                   /usr/lib/jvm/java-11-openjdk-amd64/lib/libzip.so
7f0f71d24000-7f0f71d2f000 r-xp 00000000 08:01 791246                     /lib/x86_64-linux-gnu/libnss_files-2.27.so
7f0f71d2f000-7f0f71f2e000 ---p 0000b000 08:01 791246                     /lib/x86_64-linux-gnu/libnss_files-2.27.so
7f0f71f2e000-7f0f71f2f000 r--p 0000a000 08:01 791246                     /lib/x86_64-linux-gnu/libnss_files-2.27.so
7f0f71f2f000-7f0f71f30000 rw-p 0000b000 08:01 791246                     /lib/x86_64-linux-gnu/libnss_files-2.27.so
7f0f71f30000-7f0f71f36000 rw-p 00000000 00:00 0 
7f0f71f36000-7f0f71f4d000 r-xp 00000000 08:01 791240                     /lib/x86_64-linux-gnu/libnsl-2.27.so
7f0f71f4d000-7f0f7214c000 ---p 00017000 08:01 791240                     /lib/x86_64-linux-gnu/libnsl-2.27.so
7f0f7214c000-7f0f7214d000 r--p 00016000 08:01 791240                     /lib/x86_64-linux-gnu/libnsl-2.27.so
7f0f7214d000-7f0f7214e000 rw-p 00017000 08:01 791240                     /lib/x86_64-linux-gnu/libnsl-2.27.so
7f0f7214e000-7f0f72150000 rw-p 00000000 00:00 0 
7f0f72150000-7f0f7215b000 r-xp 00000000 08:01 791257                     /lib/x86_64-linux-gnu/libnss_nis-2.27.so
7f0f7215b000-7f0f7235a000 ---p 0000b000 08:01 791257                     /lib/x86_64-linux-gnu/libnss_nis-2.27.so
7f0f7235a000-7f0f7235b000 r--p 0000a000 08:01 791257                     /lib/x86_64-linux-gnu/libnss_nis-2.27.so
7f0f7235b000-7f0f7235c000 rw-p 0000b000 08:01 791257                     /lib/x86_64-linux-gnu/libnss_nis-2.27.so
7f0f7235c000-7f0f72364000 r-xp 00000000 08:01 791242                     /lib/x86_64-linux-gnu/libnss_compat-2.27.so
7f0f72364000-7f0f72564000 ---p 00008000 08:01 791242                     /lib/x86_64-linux-gnu/libnss_compat-2.27.so
7f0f72564000-7f0f72565000 r--p 00008000 08:01 791242                     /lib/x86_64-linux-gnu/libnss_compat-2.27.so
7f0f72565000-7f0f72566000 rw-p 00009000 08:01 791242                     /lib/x86_64-linux-gnu/libnss_compat-2.27.so
7f0f72566000-7f0f7258f000 r-xp 00000000 08:01 23071944                   /usr/lib/jvm/java-11-openjdk-amd64/lib/libjava.so
7f0f7258f000-7f0f7278e000 ---p 00029000 08:01 23071944                   /usr/lib/jvm/java-11-openjdk-amd64/lib/libjava.so
7f0f7278e000-7f0f7278f000 r--p 00028000 08:01 23071944                   /usr/lib/jvm/java-11-openjdk-amd64/lib/libjava.so
7f0f7278f000-7f0f72791000 rw-p 00029000 08:01 23071944                   /usr/lib/jvm/java-11-openjdk-amd64/lib/libjava.so
7f0f72791000-7f0f7279e000 r-xp 00000000 08:01 23071964                   /usr/lib/jvm/java-11-openjdk-amd64/lib/libverify.so
7f0f7279e000-7f0f7299d000 ---p 0000d000 08:01 23071964                   /usr/lib/jvm/java-11-openjdk-amd64/lib/libverify.so
7f0f7299d000-7f0f7299f000 r--p 0000c000 08:01 23071964                   /usr/lib/jvm/java-11-openjdk-amd64/lib/libverify.so
7f0f7299f000-7f0f729a0000 rw-p 0000e000 08:01 23071964                   /usr/lib/jvm/java-11-openjdk-amd64/lib/libverify.so
7f0f729a0000-7f0f729a7000 r-xp 00000000 08:01 791297                     /lib/x86_64-linux-gnu/librt-2.27.so
7f0f729a7000-7f0f72ba6000 ---p 00007000 08:01 791297                     /lib/x86_64-linux-gnu/librt-2.27.so
7f0f72ba6000-7f0f72ba7000 r--p 00006000 08:01 791297                     /lib/x86_64-linux-gnu/librt-2.27.so
7f0f72ba7000-7f0f72ba8000 rw-p 00007000 08:01 791297                     /lib/x86_64-linux-gnu/librt-2.27.so
7f0f72ba8000-7f0f72bbf000 r-xp 00000000 08:01 786455                     /lib/x86_64-linux-gnu/libgcc_s.so.1
7f0f72bbf000-7f0f72dbe000 ---p 00017000 08:01 786455                     /lib/x86_64-linux-gnu/libgcc_s.so.1
7f0f72dbe000-7f0f72dbf000 r--p 00016000 08:01 786455                     /lib/x86_64-linux-gnu/libgcc_s.so.1
7f0f72dbf000-7f0f72dc0000 rw-p 00017000 08:01 786455                     /lib/x86_64-linux-gnu/libgcc_s.so.1
7f0f72dc0000-7f0f72f5d000 r-xp 00000000 08:01 791219                     /lib/x86_64-linux-gnu/libm-2.27.so
7f0f72f5d000-7f0f7315c000 ---p 0019d000 08:01 791219                     /lib/x86_64-linux-gnu/libm-2.27.so
7f0f7315c000-7f0f7315d000 r--p 0019c000 08:01 791219                     /lib/x86_64-linux-gnu/libm-2.27.so
7f0f7315d000-7f0f7315e000 rw-p 0019d000 08:01 791219                     /lib/x86_64-linux-gnu/libm-2.27.so
7f0f7315e000-7f0f732d7000 r-xp 00000000 08:01 18088862                   /usr/lib/x86_64-linux-gnu/libstdc++.so.6.0.25
7f0f732d7000-7f0f734d7000 ---p 00179000 08:01 18088862                   /usr/lib/x86_64-linux-gnu/libstdc++.so.6.0.25
7f0f734d7000-7f0f734e1000 r--p 00179000 08:01 18088862                   /usr/lib/x86_64-linux-gnu/libstdc++.so.6.0.25
7f0f734e1000-7f0f734e3000 rw-p 00183000 08:01 18088862                   /usr/lib/x86_64-linux-gnu/libstdc++.so.6.0.25
7f0f734e3000-7f0f734e7000 rw-p 00000000 00:00 0 
7f0f734e7000-7f0f745c0000 r-xp 00000000 08:01 23071969                   /usr/lib/jvm/java-11-openjdk-amd64/lib/server/libjvm.so
7f0f745c0000-7f0f747bf000 ---p 010d9000 08:01 23071969                   /usr/lib/jvm/java-11-openjdk-amd64/lib/server/libjvm.so
7f0f747bf000-7f0f7487c000 r--p 010d8000 08:01 23071969                   /usr/lib/jvm/java-11-openjdk-amd64/lib/server/libjvm.so
7f0f7487c000-7f0f748b6000 rw-p 01195000 08:01 23071969                   /usr/lib/jvm/java-11-openjdk-amd64/lib/server/libjvm.so
7f0f748b6000-7f0f7490c000 rw-p 00000000 00:00 0 
7f0f7490c000-7f0f74926000 r-xp 00000000 08:01 791289                     /lib/x86_64-linux-gnu/libpthread-2.27.so
7f0f74926000-7f0f74b25000 ---p 0001a000 08:01 791289                     /lib/x86_64-linux-gnu/libpthread-2.27.so
7f0f74b25000-7f0f74b26000 r--p 00019000 08:01 791289                     /lib/x86_64-linux-gnu/libpthread-2.27.so
7f0f74b26000-7f0f74b27000 rw-p 0001a000 08:01 791289                     /lib/x86_64-linux-gnu/libpthread-2.27.so
7f0f74b27000-7f0f74b2b000 rw-p 00000000 00:00 0 
7f0f74b2b000-7f0f74b2e000 r-xp 00000000 08:01 791179                     /lib/x86_64-linux-gnu/libdl-2.27.so
7f0f74b2e000-7f0f74d2d000 ---p 00003000 08:01 791179                     /lib/x86_64-linux-gnu/libdl-2.27.so
7f0f74d2d000-7f0f74d2e000 r--p 00002000 08:01 791179                     /lib/x86_64-linux-gnu/libdl-2.27.so
7f0f74d2e000-7f0f74d2f000 rw-p 00003000 08:01 791179                     /lib/x86_64-linux-gnu/libdl-2.27.so
7f0f74d2f000-7f0f74d4b000 r-xp 00000000 08:01 791328                     /lib/x86_64-linux-gnu/libz.so.1.2.11
7f0f74d4b000-7f0f74f4a000 ---p 0001c000 08:01 791328                     /lib/x86_64-linux-gnu/libz.so.1.2.11
7f0f74f4a000-7f0f74f4b000 r--p 0001b000 08:01 791328                     /lib/x86_64-linux-gnu/libz.so.1.2.11
7f0f74f4b000-7f0f74f4c000 rw-p 0001c000 08:01 791328                     /lib/x86_64-linux-gnu/libz.so.1.2.11
7f0f74f4c000-7f0f75133000 r-xp 00000000 08:01 791156                     /lib/x86_64-linux-gnu/libc-2.27.so
7f0f75133000-7f0f75333000 ---p 001e7000 08:01 791156                     /lib/x86_64-linux-gnu/libc-2.27.so
7f0f75333000-7f0f75337000 r--p 001e7000 08:01 791156                     /lib/x86_64-linux-gnu/libc-2.27.so
7f0f75337000-7f0f75339000 rw-p 001eb000 08:01 791156                     /lib/x86_64-linux-gnu/libc-2.27.so
7f0f75339000-7f0f7533d000 rw-p 00000000 00:00 0 
7f0f7533d000-7f0f7534d000 r-xp 00000000 08:01 23070022                   /usr/lib/jvm/java-11-openjdk-amd64/lib/jli/libjli.so
7f0f7534d000-7f0f7554c000 ---p 00010000 08:01 23070022                   /usr/lib/jvm/java-11-openjdk-amd64/lib/jli/libjli.so
7f0f7554c000-7f0f7554d000 r--p 0000f000 08:01 23070022                   /usr/lib/jvm/java-11-openjdk-amd64/lib/jli/libjli.so
7f0f7554d000-7f0f7554e000 rw-p 00010000 08:01 23070022                   /usr/lib/jvm/java-11-openjdk-amd64/lib/jli/libjli.so
7f0f7554e000-7f0f75575000 r-xp 00000000 08:01 791128                     /lib/x86_64-linux-gnu/ld-2.27.so
7f0f75587000-7f0f75652000 rw-p 00000000 00:00 0 
7f0f75652000-7f0f75659000 ---p 00000000 00:00 0 
7f0f75659000-7f0f7565d000 ---p 00000000 00:00 0 
7f0f7565d000-7f0f7575c000 rw-p 00000000 00:00 0 
7f0f75760000-7f0f75767000 r--s 00000000 08:01 18353475                   /usr/lib/x86_64-linux-gnu/gconv/gconv-modules.cache
7f0f75767000-7f0f75769000 r--s 00007000 08:01 18483227                   /usr/share/java/java-atk-wrapper.jar
7f0f75769000-7f0f75771000 rw-s 00000000 08:01 39059688                   /tmp/hsperfdata_sim/4107
7f0f75771000-7f0f75772000 ---p 00000000 00:00 0 
7f0f75772000-7f0f75773000 r--p 00000000 00:00 0 
7f0f75773000-7f0f75775000 rw-p 00000000 00:00 0 
7f0f75775000-7f0f75776000 r--p 00027000 08:01 791128                     /lib/x86_64-linux-gnu/ld-2.27.so
7f0f75776000-7f0f75777000 rw-p 00028000 08:01 791128                     /lib/x86_64-linux-gnu/ld-2.27.so
7f0f75777000-7f0f75778000 rw-p 00000000 00:00 0 
7ffcf1d4f000-7ffcf1d72000 rw-p 00000000 00:00 0                          [stack]
7ffcf1da6000-7ffcf1da9000 r--p 00000000 00:00 0                          [vvar]
7ffcf1da9000-7ffcf1dab000 r-xp 00000000 00:00 0                          [vdso]
ffffffffff600000-ffffffffff601000 r-xp 00000000 00:00 0                  [vsyscall]


VM Arguments:
jvm_args: -Dfile.encoding=UTF-8 
java_command: boobook.Starter
java_class_path (initial): /home/sim/JEE-eclipse-workspace/JEE_Devoir/target/classes:/home/sim/Tlchargements/eclipse-jee-2019-12-R-linux-gtk-x86_64/eclipse/plugins/org.junit.jupiter.api_5.5.1.v20190826-0900.jar:/home/sim/Tlchargements/eclipse-jee-2019-12-R-linux-gtk-x86_64/eclipse/plugins/org.junit.jupiter.engine_5.5.1.v20190826-0900.jar:/home/sim/Tlchargements/eclipse-jee-2019-12-R-linux-gtk-x86_64/eclipse/plugins/org.junit.jupiter.migrationsupport_5.5.1.v20190826-0900.jar:/home/sim/Tlchargements/eclipse-jee-2019-12-R-linux-gtk-x86_64/eclipse/plugins/org.junit.jupiter.params_5.5.1.v20190826-0900.jar:/home/sim/Tlchargements/eclipse-jee-2019-12-R-linux-gtk-x86_64/eclipse/plugins/org.junit.platform.commons_1.5.1.v20190826-0900.jar:/home/sim/Tlchargements/eclipse-jee-2019-12-R-linux-gtk-x86_64/eclipse/plugins/org.junit.platform.engine_1.5.1.v20190826-0900.jar:/home/sim/Tlchargements/eclipse-jee-2019-12-R-linux-gtk-x86_64/eclipse/plugins/org.junit.platform.launcher_1.5.1.v20190826-0900.jar:/home/sim/Tlchargements/eclipse-jee-2019-12-R-linux-gtk-x86_64/eclipse/plugins/org.junit.platform.runner_1.5.1.v20190826-0900.jar:/home/sim/Tlchargements/eclipse-jee-2019-12-R-linux-gtk-x86_64/eclipse/plugins/org.junit.platform.suite.api_1.5.1.v20190826-0900.jar:/home/sim/Tlchargements/eclipse-jee-2019-12-R-linux-gtk-x86_64/eclipse/plugins/org.junit.vintage.engine_5.5.1.v20190826-0900.jar:/home/sim/Tlchargements/eclipse-jee-2019-12-R-linux-gtk-x86_64/eclipse/plugins/org.opentest4j_1.2.0.v20190826-0900.jar:/home/sim/Tlchargements/eclipse-jee-2019-12-R-linux-gtk-x86_64/eclipse/plugins/org.apiguardian_1.1.0.v20190826-0900.jar:/home/sim/Tlchargements/eclipse-jee-2019-12-R-linux-gtk-x86_64/eclipse/plugins/org.junit_4.12.0.v201504281640/junit.jar:/home/sim/Tlchargements/eclipse-jee-2019-12-R-linux-gtk-x86_64/eclipse/plugins/org.hamcrest.core_1.3.0.v20180420-1519.jar:/home/sim/.m2/repository/org/springframework/boot/spring-boot-starte
Launcher Type: SUN_STANDARD

[Global flags]
     intx CICompilerCount                          = 3                                         {product} {ergonomic}
     uint ConcGCThreads                            = 1                                         {product} {ergonomic}
     uint G1ConcRefinementThreads                  = 4                                         {product} {ergonomic}
   size_t G1HeapRegionSize                         = 1048576                                   {product} {ergonomic}
    uintx GCDrainStackTargetSize                   = 64                                        {product} {ergonomic}
   size_t InitialHeapSize                          = 260046848                                 {product} {ergonomic}
   size_t MarkStackSize                            = 4194304                                   {product} {ergonomic}
   size_t MaxHeapSize                              = 4152360960                                {product} {ergonomic}
   size_t MaxNewSize                               = 2491416576                                {product} {ergonomic}
   size_t MinHeapDeltaBytes                        = 1048576                                   {product} {ergonomic}
    uintx NonNMethodCodeHeapSize                   = 5830732                                {pd product} {ergonomic}
    uintx NonProfiledCodeHeapSize                  = 122913754                              {pd product} {ergonomic}
    uintx ProfiledCodeHeapSize                     = 122913754                              {pd product} {ergonomic}
    uintx ReservedCodeCacheSize                    = 251658240                              {pd product} {ergonomic}
     bool SegmentedCodeCache                       = true                                      {product} {ergonomic}
     bool UseCompressedClassPointers               = true                                 {lp64_product} {ergonomic}
     bool UseCompressedOops                        = true                                 {lp64_product} {ergonomic}
     bool UseG1GC                                  = true                                      {product} {ergonomic}

Logging:
Log output configuration:
 #0: stdout all=warning uptime,level,tags
 #1: stderr all=off uptime,level,tags

Environment Variables:
PATH=/usr/local/sbin:/usr/local/bin:/usr/sbin:/usr/bin:/sbin:/bin:/usr/games:/usr/local/games:/snap/bin
USERNAME=sim
SHELL=/bin/bash
DISPLAY=:0

Signal Handlers:
SIGSEGV: [libjvm.so+0xdf1470], sa_mask[0]=11111111011111111101111111111110, sa_flags=SA_RESTART|SA_SIGINFO
SIGBUS: [libjvm.so+0xdf1470], sa_mask[0]=11111111011111111101111111111110, sa_flags=SA_RESTART|SA_SIGINFO
SIGFPE: [libjvm.so+0xdf1470], sa_mask[0]=11111111011111111101111111111110, sa_flags=SA_RESTART|SA_SIGINFO
SIGPIPE: [libjvm.so+0xbc5560], sa_mask[0]=11111111011111111101111111111110, sa_flags=SA_RESTART|SA_SIGINFO
SIGXFSZ: [libjvm.so+0xbc5560], sa_mask[0]=11111111011111111101111111111110, sa_flags=SA_RESTART|SA_SIGINFO
SIGILL: [libjvm.so+0xdf1470], sa_mask[0]=11111111011111111101111111111110, sa_flags=SA_RESTART|SA_SIGINFO
SIGUSR2: [libjvm.so+0xbc5400], sa_mask[0]=00100000000000000000000000000000, sa_flags=SA_RESTART|SA_SIGINFO
SIGHUP: [libjvm.so+0xbc5760], sa_mask[0]=11111111011111111101111111111110, sa_flags=SA_RESTART|SA_SIGINFO
SIGINT: [libjvm.so+0xbc5760], sa_mask[0]=11111111011111111101111111111110, sa_flags=SA_RESTART|SA_SIGINFO
SIGTERM: [libjvm.so+0xbc5760], sa_mask[0]=11111111011111111101111111111110, sa_flags=SA_RESTART|SA_SIGINFO
SIGQUIT: [libjvm.so+0xbc5760], sa_mask[0]=11111111011111111101111111111110, sa_flags=SA_RESTART|SA_SIGINFO


---------------  S Y S T E M  ---------------

OS:DISTRIB_ID=Ubuntu
DISTRIB_RELEASE=18.04
DISTRIB_CODENAME=bionic
DISTRIB_DESCRIPTION="Ubuntu 18.04.4 LTS"
uname:Linux 4.15.0-91-generic #92-Ubuntu SMP Fri Feb 28 11:09:48 UTC 2020 x86_64
libc:glibc 2.27 NPTL 2.27 
rlimit: STACK 8192k, CORE 0k, NPROC 63075, NOFILE 4096, AS infinity, DATA infinity, FSIZE infinity
load average:1,26 0,98 0,71

/proc/meminfo:
MemTotal:       16213148 kB
MemFree:        11056644 kB
MemAvailable:   12089640 kB
Buffers:          118912 kB
Cached:          1542016 kB
SwapCached:            0 kB
Active:          3675500 kB
Inactive:        1167976 kB
Active(anon):    3187964 kB
Inactive(anon):   402320 kB
Active(file):     487536 kB
Inactive(file):   765656 kB
Unevictable:          48 kB
Mlocked:              48 kB
SwapTotal:       2097148 kB
SwapFree:        2097148 kB
Dirty:               144 kB
Writeback:             0 kB
AnonPages:       3182732 kB
Mapped:           659512 kB
Shmem:            407732 kB
Slab:             134460 kB
SReclaimable:      74732 kB
SUnreclaim:        59728 kB
KernelStack:       15456 kB
PageTables:        60324 kB
NFS_Unstable:          0 kB
Bounce:                0 kB
WritebackTmp:          0 kB
CommitLimit:    10203720 kB
Committed_AS:    8656844 kB
VmallocTotal:   34359738367 kB
VmallocUsed:           0 kB
VmallocChunk:          0 kB
HardwareCorrupted:     0 kB
AnonHugePages:         0 kB
ShmemHugePages:        0 kB
ShmemPmdMapped:        0 kB
CmaTotal:              0 kB
CmaFree:               0 kB
HugePages_Total:       0
HugePages_Free:        0
HugePages_Rsvd:        0
HugePages_Surp:        0
Hugepagesize:       2048 kB
DirectMap4k:      221560 kB
DirectMap2M:     7952384 kB
DirectMap1G:     9437184 kB


/proc/sys/kernel/threads-max (system-wide limit on the number of threads):
126151


/proc/sys/vm/max_map_count (maximum number of memory map areas a process may have):
65530


/proc/sys/kernel/pid_max (system-wide limit on number of process identifiers):
32768



container (cgroup) information:
container_type: cgroupv1
cpu_cpuset_cpus: 0-3
cpu_memory_nodes: 0
active_processor_count: 4
cpu_quota: -1
cpu_period: 100000
cpu_shares: -1
memory_limit_in_bytes: -1
memory_and_swap_limit_in_bytes: -2
memory_soft_limit_in_bytes: -1
memory_usage_in_bytes: 4959973376
memory_max_usage_in_bytes: 0

Steal ticks since vm start: 0
Steal ticks percentage since vm start:  0,000

CPU:total 4 (initial active 4) (2 cores per cpu, 2 threads per core) family 6 model 142 stepping 9, cmov, cx8, fxsr, mmx, sse, sse2, sse3, ssse3, sse4.1, sse4.2, popcnt, avx, avx2, aes, clmul, erms, 3dnowpref, lzcnt, ht, tsc, tscinvbit, bmi1, bmi2, adx, fma
CPU Model and flags from /proc/cpuinfo:
model name	: Intel(R) Core(TM) i7-7500U CPU @ 2.70GHz
flags		: fpu vme de pse tsc msr pae mce cx8 apic sep mtrr pge mca cmov pat pse36 clflush dts acpi mmx fxsr sse sse2 ss ht tm pbe syscall nx pdpe1gb rdtscp lm constant_tsc art arch_perfmon pebs bts rep_good nopl xtopology nonstop_tsc cpuid aperfmperf tsc_known_freq pni pclmulqdq dtes64 monitor ds_cpl vmx est tm2 ssse3 sdbg fma cx16 xtpr pdcm pcid sse4_1 sse4_2 x2apic movbe popcnt tsc_deadline_timer aes xsave avx f16c rdrand lahf_lm abm 3dnowprefetch cpuid_fault invpcid_single pti ssbd ibrs ibpb stibp tpr_shadow vnmi flexpriority ept vpid fsgsbase tsc_adjust bmi1 avx2 smep bmi2 erms invpcid mpx rdseed adx smap clflushopt intel_pt xsaveopt xsavec xgetbv1 xsaves dtherm ida arat pln pts hwp hwp_notify hwp_act_window hwp_epp md_clear flush_l1d

Memory: 4k page, physical 16213148k(11056644k free), swap 2097148k(2097148k free)

vm_info: OpenJDK 64-Bit Server VM (11.0.6+10-post-Ubuntu-1ubuntu118.04.1) for linux-amd64 JRE (11.0.6+10-post-Ubuntu-1ubuntu118.04.1), built on Jan 15 2020 15:14:00 by "unknown" with gcc 7.4.0

END.
